11-05 20:33:51.356 [ INFO] [.b.t.c.SpringBootTestContextBootstrapper:308] - Neither @ContextConfiguration nor @ContextHierarchy found for test class [com.chrisyoung.demo.DemoApplicationTests], using SpringBootContextLoader
11-05 20:33:51.356 [ INFO] [         o.s.t.c.s.AbstractContextLoader:264] - Could not detect default resource locations for test class [com.chrisyoung.demo.DemoApplicationTests]: no resource found for suffixes {-context.xml, Context.groovy}.
11-05 20:33:51.356 [ INFO] [t.c.s.AnnotationConfigContextLoaderUtils: 83] - Could not detect default configuration classes for test class [com.chrisyoung.demo.DemoApplicationTests]: DemoApplicationTests does not declare any static, non-private, non-final, nested classes annotated with @Configuration.
11-05 20:33:51.466 [ INFO] [.b.t.c.SpringBootTestContextBootstrapper:247] - Found @SpringBootConfiguration com.chrisyoung.demo.DemoApplication for test class com.chrisyoung.demo.DemoApplicationTests
11-05 20:33:51.556 [ INFO] [.b.t.c.SpringBootTestContextBootstrapper:248] - Loaded default TestExecutionListener class names from location [META-INF/spring.factories]: [org.springframework.boot.test.mock.mockito.MockitoTestExecutionListener, org.springframework.boot.test.mock.mockito.ResetMocksTestExecutionListener, org.springframework.boot.test.autoconfigure.restdocs.RestDocsTestExecutionListener, org.springframework.boot.test.autoconfigure.web.client.MockRestServiceServerResetTestExecutionListener, org.springframework.boot.test.autoconfigure.web.servlet.MockMvcPrintOnlyOnFailureTestExecutionListener, org.springframework.boot.test.autoconfigure.web.servlet.WebDriverTestExecutionListener, org.springframework.test.context.web.ServletTestExecutionListener, org.springframework.test.context.support.DirtiesContextBeforeModesTestExecutionListener, org.springframework.test.context.support.DependencyInjectionTestExecutionListener, org.springframework.test.context.support.DirtiesContextTestExecutionListener, org.springframework.test.context.transaction.TransactionalTestExecutionListener, org.springframework.test.context.jdbc.SqlScriptsTestExecutionListener]
11-05 20:33:51.576 [ INFO] [.b.t.c.SpringBootTestContextBootstrapper:177] - Using TestExecutionListeners: [org.springframework.test.context.web.ServletTestExecutionListener@7d61eb55, org.springframework.test.context.support.DirtiesContextBeforeModesTestExecutionListener@222a59e6, org.springframework.boot.test.mock.mockito.MockitoTestExecutionListener@6c7a164b, org.springframework.boot.test.autoconfigure.SpringBootDependencyInjectionTestExecutionListener@4c2bb6e0, org.springframework.test.context.support.DirtiesContextTestExecutionListener@3e62d773, org.springframework.test.context.transaction.TransactionalTestExecutionListener@4ef74c30, org.springframework.test.context.jdbc.SqlScriptsTestExecutionListener@7283d3eb, org.springframework.boot.test.mock.mockito.ResetMocksTestExecutionListener@638ef7ed, org.springframework.boot.test.autoconfigure.restdocs.RestDocsTestExecutionListener@4bff7da0, org.springframework.boot.test.autoconfigure.web.client.MockRestServiceServerResetTestExecutionListener@3f1d2e23, org.springframework.boot.test.autoconfigure.web.servlet.MockMvcPrintOnlyOnFailureTestExecutionListener@536dbea0, org.springframework.boot.test.autoconfigure.web.servlet.WebDriverTestExecutionListener@47c81abf]
11-05 20:33:51.806 [ INFO] [              c.c.d.DemoApplicationTests: 50] - Starting DemoApplicationTests on DESKTOP-4J1ON82 with PID 13148 (started by ChrisYoung in D:\JavaProject\demo)
11-05 20:33:51.806 [ INFO] [              c.c.d.DemoApplicationTests:675] - No active profile set, falling back to default profiles: default
11-05 20:33:53.656 [ INFO] [trationDelegate$BeanPostProcessorChecker:330] - Bean 'org.springframework.transaction.annotation.ProxyTransactionManagementConfiguration' of type [org.springframework.transaction.annotation.ProxyTransactionManagementConfiguration$$EnhancerBySpringCGLIB$$cb27da9b] is not eligible for getting processed by all BeanPostProcessors (for example: not eligible for auto-proxying)
11-05 20:33:53.917 [ INFO] [trationDelegate$BeanPostProcessorChecker:330] - Bean 'org.springframework.hateoas.config.HateoasConfiguration' of type [org.springframework.hateoas.config.HateoasConfiguration$$EnhancerBySpringCGLIB$$4aa827cd] is not eligible for getting processed by all BeanPostProcessors (for example: not eligible for auto-proxying)
11-05 20:33:54.030 [ INFO] [c.a.d.s.b.a.DruidDataSourceAutoConfigure: 56] - Init DruidDataSource
11-05 20:33:54.534 [ INFO] [                 c.a.d.p.DruidDataSource:930] - {dataSource-1} inited
11-05 20:34:11.904 [ INFO] [                   c.c.d.DemoApplication: 50] - Starting DemoApplication on DESKTOP-4J1ON82 with PID 6140 (D:\JavaProject\demo\target\classes started by ChrisYoung in D:\JavaProject\demo)
11-05 20:34:11.904 [ INFO] [                   c.c.d.DemoApplication:675] - No active profile set, falling back to default profiles: default
11-05 20:34:12.814 [ INFO] [trationDelegate$BeanPostProcessorChecker:330] - Bean 'org.springframework.transaction.annotation.ProxyTransactionManagementConfiguration' of type [org.springframework.transaction.annotation.ProxyTransactionManagementConfiguration$$EnhancerBySpringCGLIB$$723b5875] is not eligible for getting processed by all BeanPostProcessors (for example: not eligible for auto-proxying)
11-05 20:34:12.884 [ INFO] [trationDelegate$BeanPostProcessorChecker:330] - Bean 'org.springframework.hateoas.config.HateoasConfiguration' of type [org.springframework.hateoas.config.HateoasConfiguration$$EnhancerBySpringCGLIB$$f1bba5a7] is not eligible for getting processed by all BeanPostProcessors (for example: not eligible for auto-proxying)
11-05 20:34:13.174 [ INFO] [             o.s.b.w.e.t.TomcatWebServer: 90] - Tomcat initialized with port(s): 8080 (http)
11-05 20:34:13.184 [ INFO] [               o.a.c.h.Http11NioProtocol:173] - Initializing ProtocolHandler ["http-nio-8080"]
11-05 20:34:13.184 [ INFO] [                 o.a.c.c.StandardService:173] - Starting service [Tomcat]
11-05 20:34:13.184 [ INFO] [                  o.a.c.c.StandardEngine:173] - Starting Servlet Engine: Apache Tomcat/9.0.12
11-05 20:34:13.194 [ INFO] [            o.a.c.c.AprLifecycleListener:173] - The APR based Apache Tomcat Native library which allows optimal performance in production environments was not found on the java.library.path: [C:\Program Files\Java\jdk1.8.0_162\bin;C:\Windows\Sun\Java\bin;C:\Windows\system32;C:\Windows;C:\Program Files\Python36\Scripts\;C:\Program Files\Python36\;C:\Program Files\Java\jdk1.8.0_162\bin;C:\Program Files\Java\jdk1.8.0_162\jre\bin;C:\ProgramData\Oracle\Java\javapath;C:\Program Files (x86)\Intel\Intel(R) Management Engine Components\iCLS\;C:\Program Files\Intel\Intel(R) Management Engine Components\iCLS\;C:\Windows\system32;C:\Windows;C:\Windows\System32\Wbem;C:\Windows\System32\WindowsPowerShell\v1.0\;C:\Windows\System32\OpenSSH\;C:\Program Files (x86)\Intel\Intel(R) Management Engine Components\DAL;C:\Program Files\Intel\Intel(R) Management Engine Components\DAL;C:\Program Files (x86)\Intel\Intel(R) Management Engine Components\IPT;C:\Program Files\Intel\Intel(R) Management Engine Components\IPT;C:\Program Files\Intel\WiFi\bin\;C:\Program Files\Common Files\Intel\WirelessCommon\;C:\Program Files (x86)\NVIDIA Corporation\PhysX\Common;C:\Program Files\PuTTY\;C:\Program Files\MySQL\MySQL Utilities 1.6\;C:\Program Files\dotnet\;C:\Program Files\Microsoft SQL Server\130\Tools\Binn\;C:\Program Files\Git\cmd;C:\Program Files\apache-maven-3.5.4\bin;C:\Users\ChrisYoung\AppData\Local\Microsoft\WindowsApps;C:\Users\ChrisYoung\AppData\Local\GitHubDesktop\bin;.]
11-05 20:34:13.364 [ INFO] [                       o.a.c.c.C.[.[.[/]:173] - Initializing Spring embedded WebApplicationContext
11-05 20:34:13.364 [ INFO] [                   o.s.w.c.ContextLoader:285] - Root WebApplicationContext: initialization completed in 1420 ms
11-05 20:34:13.414 [ INFO] [       o.s.b.w.s.ServletRegistrationBean:186] - Servlet dispatcherServlet mapped to [/]
11-05 20:34:13.424 [ INFO] [       o.s.b.w.s.ServletRegistrationBean:186] - Servlet statViewServlet mapped to [/druid/*]
11-05 20:34:13.424 [ INFO] [        o.s.b.w.s.FilterRegistrationBean:248] - Mapping filter: 'characterEncodingFilter' to: [/*]
11-05 20:34:13.424 [ INFO] [        o.s.b.w.s.FilterRegistrationBean:248] - Mapping filter: 'hiddenHttpMethodFilter' to: [/*]
11-05 20:34:13.424 [ INFO] [        o.s.b.w.s.FilterRegistrationBean:248] - Mapping filter: 'formContentFilter' to: [/*]
11-05 20:34:13.424 [ INFO] [        o.s.b.w.s.FilterRegistrationBean:248] - Mapping filter: 'requestContextFilter' to: [/*]
11-05 20:34:13.424 [ INFO] [        o.s.b.w.s.FilterRegistrationBean:261] - Mapping filter: 'webStatFilter' to urls: [/*]
11-05 20:34:13.484 [ INFO] [c.a.d.s.b.a.DruidDataSourceAutoConfigure: 56] - Init DruidDataSource
11-05 20:34:13.714 [ INFO] [                 c.a.d.p.DruidDataSource:930] - {dataSource-1} inited
11-05 20:34:13.714 [ INFO] [                 o.a.c.c.StandardService:173] - Stopping service [Tomcat]
11-05 20:36:32.401 [ INFO] [                   c.c.d.DemoApplication: 50] - Starting DemoApplication on DESKTOP-4J1ON82 with PID 10612 (D:\JavaProject\demo\target\classes started by ChrisYoung in D:\JavaProject\demo)
11-05 20:36:32.401 [ INFO] [                   c.c.d.DemoApplication:675] - No active profile set, falling back to default profiles: default
11-05 20:36:33.719 [ INFO] [trationDelegate$BeanPostProcessorChecker:330] - Bean 'org.springframework.transaction.annotation.ProxyTransactionManagementConfiguration' of type [org.springframework.transaction.annotation.ProxyTransactionManagementConfiguration$$EnhancerBySpringCGLIB$$4dea40e7] is not eligible for getting processed by all BeanPostProcessors (for example: not eligible for auto-proxying)
11-05 20:36:33.789 [ INFO] [trationDelegate$BeanPostProcessorChecker:330] - Bean 'org.springframework.hateoas.config.HateoasConfiguration' of type [org.springframework.hateoas.config.HateoasConfiguration$$EnhancerBySpringCGLIB$$cd6a8e19] is not eligible for getting processed by all BeanPostProcessors (for example: not eligible for auto-proxying)
11-05 20:36:34.059 [ INFO] [             o.s.b.w.e.t.TomcatWebServer: 90] - Tomcat initialized with port(s): 8080 (http)
11-05 20:36:34.069 [ INFO] [               o.a.c.h.Http11NioProtocol:173] - Initializing ProtocolHandler ["http-nio-8080"]
11-05 20:36:34.069 [ INFO] [                 o.a.c.c.StandardService:173] - Starting service [Tomcat]
11-05 20:36:34.069 [ INFO] [                  o.a.c.c.StandardEngine:173] - Starting Servlet Engine: Apache Tomcat/9.0.12
11-05 20:36:34.079 [ INFO] [            o.a.c.c.AprLifecycleListener:173] - The APR based Apache Tomcat Native library which allows optimal performance in production environments was not found on the java.library.path: [C:\Program Files\Java\jdk1.8.0_162\bin;C:\Windows\Sun\Java\bin;C:\Windows\system32;C:\Windows;C:\Program Files\Python36\Scripts\;C:\Program Files\Python36\;C:\Program Files\Java\jdk1.8.0_162\bin;C:\Program Files\Java\jdk1.8.0_162\jre\bin;C:\ProgramData\Oracle\Java\javapath;C:\Program Files (x86)\Intel\Intel(R) Management Engine Components\iCLS\;C:\Program Files\Intel\Intel(R) Management Engine Components\iCLS\;C:\Windows\system32;C:\Windows;C:\Windows\System32\Wbem;C:\Windows\System32\WindowsPowerShell\v1.0\;C:\Windows\System32\OpenSSH\;C:\Program Files (x86)\Intel\Intel(R) Management Engine Components\DAL;C:\Program Files\Intel\Intel(R) Management Engine Components\DAL;C:\Program Files (x86)\Intel\Intel(R) Management Engine Components\IPT;C:\Program Files\Intel\Intel(R) Management Engine Components\IPT;C:\Program Files\Intel\WiFi\bin\;C:\Program Files\Common Files\Intel\WirelessCommon\;C:\Program Files (x86)\NVIDIA Corporation\PhysX\Common;C:\Program Files\PuTTY\;C:\Program Files\MySQL\MySQL Utilities 1.6\;C:\Program Files\dotnet\;C:\Program Files\Microsoft SQL Server\130\Tools\Binn\;C:\Program Files\Git\cmd;C:\Program Files\apache-maven-3.5.4\bin;C:\Users\ChrisYoung\AppData\Local\Microsoft\WindowsApps;C:\Users\ChrisYoung\AppData\Local\GitHubDesktop\bin;.]
11-05 20:36:34.189 [ INFO] [                       o.a.c.c.C.[.[.[/]:173] - Initializing Spring embedded WebApplicationContext
11-05 20:36:34.189 [ INFO] [                   o.s.w.c.ContextLoader:285] - Root WebApplicationContext: initialization completed in 1727 ms
11-05 20:36:34.310 [ INFO] [       o.s.b.w.s.ServletRegistrationBean:186] - Servlet dispatcherServlet mapped to [/]
11-05 20:36:34.310 [ INFO] [       o.s.b.w.s.ServletRegistrationBean:186] - Servlet statViewServlet mapped to [/druid/*]
11-05 20:36:34.310 [ INFO] [        o.s.b.w.s.FilterRegistrationBean:248] - Mapping filter: 'characterEncodingFilter' to: [/*]
11-05 20:36:34.310 [ INFO] [        o.s.b.w.s.FilterRegistrationBean:248] - Mapping filter: 'hiddenHttpMethodFilter' to: [/*]
11-05 20:36:34.310 [ INFO] [        o.s.b.w.s.FilterRegistrationBean:248] - Mapping filter: 'formContentFilter' to: [/*]
11-05 20:36:34.310 [ INFO] [        o.s.b.w.s.FilterRegistrationBean:248] - Mapping filter: 'requestContextFilter' to: [/*]
11-05 20:36:34.310 [ INFO] [        o.s.b.w.s.FilterRegistrationBean:261] - Mapping filter: 'webStatFilter' to urls: [/*]
11-05 20:36:34.369 [ INFO] [c.a.d.s.b.a.DruidDataSourceAutoConfigure: 56] - Init DruidDataSource
11-05 20:36:34.609 [ INFO] [                 c.a.d.p.DruidDataSource:930] - {dataSource-1} inited
11-05 20:36:34.609 [ INFO] [                 o.a.c.c.StandardService:173] - Stopping service [Tomcat]
11-05 20:43:05.668 [ INFO] [                   c.c.d.DemoApplication: 50] - Starting DemoApplication on DESKTOP-4J1ON82 with PID 16248 (D:\JavaProject\demo\target\classes started by ChrisYoung in D:\JavaProject\demo)
11-05 20:43:05.670 [ INFO] [                   c.c.d.DemoApplication:654] - No active profile set, falling back to default profiles: default
11-05 20:43:05.709 [ INFO] [ConfigServletWebServerApplicationContext:588] - Refreshing org.springframework.boot.web.servlet.context.AnnotationConfigServletWebServerApplicationContext@4f67eb2a: startup date [Mon Nov 05 20:43:05 CST 2018]; root of context hierarchy
11-05 20:43:06.767 [ INFO] [trationDelegate$BeanPostProcessorChecker:326] - Bean 'org.springframework.transaction.annotation.ProxyTransactionManagementConfiguration' of type [org.springframework.transaction.annotation.ProxyTransactionManagementConfiguration$$EnhancerBySpringCGLIB$$a3c02c2c] is not eligible for getting processed by all BeanPostProcessors (for example: not eligible for auto-proxying)
11-05 20:43:06.798 [ INFO] [trationDelegate$BeanPostProcessorChecker:326] - Bean 'org.springframework.hateoas.config.HateoasConfiguration' of type [org.springframework.hateoas.config.HateoasConfiguration$$EnhancerBySpringCGLIB$$2340795e] is not eligible for getting processed by all BeanPostProcessors (for example: not eligible for auto-proxying)
11-05 20:43:07.182 [ INFO] [             o.s.b.w.e.t.TomcatWebServer: 91] - Tomcat initialized with port(s): 8080 (http)
11-05 20:43:07.196 [ INFO] [               o.a.c.h.Http11NioProtocol:180] - Initializing ProtocolHandler ["http-nio-8080"]
11-05 20:43:07.203 [ INFO] [                 o.a.c.c.StandardService:180] - Starting service [Tomcat]
11-05 20:43:07.204 [ INFO] [                  o.a.c.c.StandardEngine:180] - Starting Servlet Engine: Apache Tomcat/8.5.34
11-05 20:43:07.208 [ INFO] [            o.a.c.c.AprLifecycleListener:180] - The APR based Apache Tomcat Native library which allows optimal performance in production environments was not found on the java.library.path: [C:\Program Files\Java\jdk1.8.0_162\bin;C:\Windows\Sun\Java\bin;C:\Windows\system32;C:\Windows;C:\Program Files\Python36\Scripts\;C:\Program Files\Python36\;C:\Program Files\Java\jdk1.8.0_162\bin;C:\Program Files\Java\jdk1.8.0_162\jre\bin;C:\ProgramData\Oracle\Java\javapath;C:\Program Files (x86)\Intel\Intel(R) Management Engine Components\iCLS\;C:\Program Files\Intel\Intel(R) Management Engine Components\iCLS\;C:\Windows\system32;C:\Windows;C:\Windows\System32\Wbem;C:\Windows\System32\WindowsPowerShell\v1.0\;C:\Windows\System32\OpenSSH\;C:\Program Files (x86)\Intel\Intel(R) Management Engine Components\DAL;C:\Program Files\Intel\Intel(R) Management Engine Components\DAL;C:\Program Files (x86)\Intel\Intel(R) Management Engine Components\IPT;C:\Program Files\Intel\Intel(R) Management Engine Components\IPT;C:\Program Files\Intel\WiFi\bin\;C:\Program Files\Common Files\Intel\WirelessCommon\;C:\Program Files (x86)\NVIDIA Corporation\PhysX\Common;C:\Program Files\PuTTY\;C:\Program Files\MySQL\MySQL Utilities 1.6\;C:\Program Files\dotnet\;C:\Program Files\Microsoft SQL Server\130\Tools\Binn\;C:\Program Files\Git\cmd;C:\Program Files\apache-maven-3.5.4\bin;C:\Users\ChrisYoung\AppData\Local\Microsoft\WindowsApps;C:\Users\ChrisYoung\AppData\Local\GitHubDesktop\bin;.]
11-05 20:43:07.309 [ INFO] [                       o.a.c.c.C.[.[.[/]:180] - Initializing Spring embedded WebApplicationContext
11-05 20:43:07.309 [ INFO] [                   o.s.w.c.ContextLoader:285] - Root WebApplicationContext: initialization completed in 1602 ms
11-05 20:43:07.411 [ INFO] [       o.s.b.w.s.ServletRegistrationBean:187] - Servlet dispatcherServlet mapped to [/]
11-05 20:43:07.412 [ INFO] [       o.s.b.w.s.ServletRegistrationBean:187] - Servlet statViewServlet mapped to [/druid/*]
11-05 20:43:07.415 [ INFO] [        o.s.b.w.s.FilterRegistrationBean:245] - Mapping filter: 'characterEncodingFilter' to: [/*]
11-05 20:43:07.415 [ INFO] [        o.s.b.w.s.FilterRegistrationBean:245] - Mapping filter: 'hiddenHttpMethodFilter' to: [/*]
11-05 20:43:07.415 [ INFO] [        o.s.b.w.s.FilterRegistrationBean:245] - Mapping filter: 'httpPutFormContentFilter' to: [/*]
11-05 20:43:07.415 [ INFO] [        o.s.b.w.s.FilterRegistrationBean:245] - Mapping filter: 'requestContextFilter' to: [/*]
11-05 20:43:07.416 [ INFO] [        o.s.b.w.s.FilterRegistrationBean:258] - Mapping filter: 'webStatFilter' to urls: [/*]
11-05 20:43:07.496 [ INFO] [c.a.d.s.b.a.DruidDataSourceAutoConfigure: 56] - Init DruidDataSource
11-05 20:43:07.919 [ INFO] [                 c.a.d.p.DruidDataSource:930] - {dataSource-1} inited
11-05 20:43:08.127 [ INFO] [       o.s.w.s.h.SimpleUrlHandlerMapping:373] - Mapped URL path [/**/favicon.ico] onto handler of type [class org.springframework.web.servlet.resource.ResourceHttpRequestHandler]
11-05 20:43:08.479 [ INFO] [s.w.s.m.m.a.RequestMappingHandlerAdapter:588] - Looking for @ControllerAdvice: org.springframework.boot.web.servlet.context.AnnotationConfigServletWebServerApplicationContext@4f67eb2a: startup date [Mon Nov 05 20:43:05 CST 2018]; root of context hierarchy
11-05 20:43:08.540 [ INFO] [s.w.s.m.m.a.RequestMappingHandlerMapping:549] - Mapped "{[/api/city],methods=[GET]}" onto public com.chrisyoung.demo.domain.City com.chrisyoung.demo.controller.CityRestController.findOneCity(java.lang.String)
11-05 20:43:08.541 [ INFO] [s.w.s.m.m.a.RequestMappingHandlerMapping:549] - Mapped "{[/api/addCity],methods=[PUT]}" onto public int com.chrisyoung.demo.controller.CityRestController.addOneCity(com.chrisyoung.demo.domain.City)
11-05 20:43:08.542 [ INFO] [s.w.s.m.m.a.RequestMappingHandlerMapping:549] - Mapped "{[/api/sychronizeCities],methods=[PUT]}" onto public int com.chrisyoung.demo.controller.CityRestController.sychronizeCities(java.util.List<com.chrisyoung.demo.dto.DataTransferModel>)
11-05 20:43:08.542 [ INFO] [s.w.s.m.m.a.RequestMappingHandlerMapping:549] - Mapped "{[/api/cities]}" onto public java.util.List<com.chrisyoung.demo.domain.City> com.chrisyoung.demo.controller.CityRestController.findCities()
11-05 20:43:08.551 [ INFO] [s.w.s.m.m.a.RequestMappingHandlerMapping:549] - Mapped "{[/error]}" onto public org.springframework.http.ResponseEntity<java.util.Map<java.lang.String, java.lang.Object>> org.springframework.boot.autoconfigure.web.servlet.error.BasicErrorController.error(javax.servlet.http.HttpServletRequest)
11-05 20:43:08.551 [ INFO] [s.w.s.m.m.a.RequestMappingHandlerMapping:549] - Mapped "{[/error],produces=[text/html]}" onto public org.springframework.web.servlet.ModelAndView org.springframework.boot.autoconfigure.web.servlet.error.BasicErrorController.errorHtml(javax.servlet.http.HttpServletRequest,javax.servlet.http.HttpServletResponse)
11-05 20:43:08.605 [ INFO] [       o.s.w.s.h.SimpleUrlHandlerMapping:373] - Mapped URL path [/webjars/**] onto handler of type [class org.springframework.web.servlet.resource.ResourceHttpRequestHandler]
11-05 20:43:08.605 [ INFO] [       o.s.w.s.h.SimpleUrlHandlerMapping:373] - Mapped URL path [/**] onto handler of type [class org.springframework.web.servlet.resource.ResourceHttpRequestHandler]
11-05 20:43:08.944 [ INFO] [       o.s.j.e.a.AnnotationMBeanExporter:433] - Registering beans for JMX exposure on startup
11-05 20:43:08.946 [ INFO] [       o.s.j.e.a.AnnotationMBeanExporter:895] - Bean with name 'statFilter' has been autodetected for JMX exposure
11-05 20:43:08.946 [ INFO] [       o.s.j.e.a.AnnotationMBeanExporter:895] - Bean with name 'dataSource' has been autodetected for JMX exposure
11-05 20:43:08.951 [ INFO] [       o.s.j.e.a.AnnotationMBeanExporter:668] - Located MBean 'dataSource': registering with JMX server as MBean [com.alibaba.druid.spring.boot.autoconfigure:name=dataSource,type=DruidDataSourceWrapper]
11-05 20:43:08.952 [ INFO] [       o.s.j.e.a.AnnotationMBeanExporter:668] - Located MBean 'statFilter': registering with JMX server as MBean [com.alibaba.druid.filter.stat:name=statFilter,type=StatFilter]
11-05 20:43:08.985 [ INFO] [               o.a.c.h.Http11NioProtocol:180] - Starting ProtocolHandler ["http-nio-8080"]
11-05 20:43:08.997 [ INFO] [               o.a.t.u.n.NioSelectorPool:180] - Using a shared selector for servlet write/read
11-05 20:43:09.013 [ INFO] [             o.s.b.w.e.t.TomcatWebServer:206] - Tomcat started on port(s): 8080 (http) with context path ''
11-05 20:43:09.017 [ INFO] [                   c.c.d.DemoApplication: 59] - Started DemoApplication in 3.619 seconds (JVM running for 4.573)
11-05 20:43:28.978 [ INFO] [                       o.a.c.c.C.[.[.[/]:180] - Initializing Spring FrameworkServlet 'dispatcherServlet'
11-05 20:43:28.978 [ INFO] [               o.s.w.s.DispatcherServlet:494] - FrameworkServlet 'dispatcherServlet': initialization started
11-05 20:43:29.010 [ INFO] [               o.s.w.s.DispatcherServlet:509] - FrameworkServlet 'dispatcherServlet': initialization completed in 32 ms
11-05 20:46:44.597 [ INFO] [                   c.c.d.DemoApplication: 50] - Starting DemoApplication on DESKTOP-4J1ON82 with PID 18228 (D:\JavaProject\demo\target\classes started by ChrisYoung in D:\JavaProject\demo)
11-05 20:46:44.597 [ INFO] [                   c.c.d.DemoApplication:654] - No active profile set, falling back to default profiles: default
11-05 20:46:44.637 [ INFO] [ConfigServletWebServerApplicationContext:588] - Refreshing org.springframework.boot.web.servlet.context.AnnotationConfigServletWebServerApplicationContext@46fa7c39: startup date [Mon Nov 05 20:46:44 CST 2018]; root of context hierarchy
11-05 20:46:45.818 [ INFO] [trationDelegate$BeanPostProcessorChecker:326] - Bean 'org.springframework.transaction.annotation.ProxyTransactionManagementConfiguration' of type [org.springframework.transaction.annotation.ProxyTransactionManagementConfiguration$$EnhancerBySpringCGLIB$$86f8dfec] is not eligible for getting processed by all BeanPostProcessors (for example: not eligible for auto-proxying)
11-05 20:46:45.848 [ INFO] [trationDelegate$BeanPostProcessorChecker:326] - Bean 'org.springframework.hateoas.config.HateoasConfiguration' of type [org.springframework.hateoas.config.HateoasConfiguration$$EnhancerBySpringCGLIB$$6792d1e] is not eligible for getting processed by all BeanPostProcessors (for example: not eligible for auto-proxying)
11-05 20:46:46.208 [ INFO] [             o.s.b.w.e.t.TomcatWebServer: 91] - Tomcat initialized with port(s): 8080 (http)
11-05 20:46:46.228 [ INFO] [               o.a.c.h.Http11NioProtocol:180] - Initializing ProtocolHandler ["http-nio-8080"]
11-05 20:46:46.228 [ INFO] [                 o.a.c.c.StandardService:180] - Starting service [Tomcat]
11-05 20:46:46.228 [ INFO] [                  o.a.c.c.StandardEngine:180] - Starting Servlet Engine: Apache Tomcat/8.5.34
11-05 20:46:46.238 [ INFO] [            o.a.c.c.AprLifecycleListener:180] - The APR based Apache Tomcat Native library which allows optimal performance in production environments was not found on the java.library.path: [C:\Program Files\Java\jdk1.8.0_162\bin;C:\Windows\Sun\Java\bin;C:\Windows\system32;C:\Windows;C:\Program Files\Python36\Scripts\;C:\Program Files\Python36\;C:\Program Files\Java\jdk1.8.0_162\bin;C:\Program Files\Java\jdk1.8.0_162\jre\bin;C:\ProgramData\Oracle\Java\javapath;C:\Program Files (x86)\Intel\Intel(R) Management Engine Components\iCLS\;C:\Program Files\Intel\Intel(R) Management Engine Components\iCLS\;C:\Windows\system32;C:\Windows;C:\Windows\System32\Wbem;C:\Windows\System32\WindowsPowerShell\v1.0\;C:\Windows\System32\OpenSSH\;C:\Program Files (x86)\Intel\Intel(R) Management Engine Components\DAL;C:\Program Files\Intel\Intel(R) Management Engine Components\DAL;C:\Program Files (x86)\Intel\Intel(R) Management Engine Components\IPT;C:\Program Files\Intel\Intel(R) Management Engine Components\IPT;C:\Program Files\Intel\WiFi\bin\;C:\Program Files\Common Files\Intel\WirelessCommon\;C:\Program Files (x86)\NVIDIA Corporation\PhysX\Common;C:\Program Files\PuTTY\;C:\Program Files\MySQL\MySQL Utilities 1.6\;C:\Program Files\dotnet\;C:\Program Files\Microsoft SQL Server\130\Tools\Binn\;C:\Program Files\Git\cmd;C:\Program Files\apache-maven-3.5.4\bin;C:\Users\ChrisYoung\AppData\Local\Microsoft\WindowsApps;C:\Users\ChrisYoung\AppData\Local\GitHubDesktop\bin;.]
11-05 20:46:46.328 [ INFO] [                       o.a.c.c.C.[.[.[/]:180] - Initializing Spring embedded WebApplicationContext
11-05 20:46:46.328 [ INFO] [                   o.s.w.c.ContextLoader:285] - Root WebApplicationContext: initialization completed in 1691 ms
11-05 20:46:46.438 [ INFO] [       o.s.b.w.s.ServletRegistrationBean:187] - Servlet dispatcherServlet mapped to [/]
11-05 20:46:46.438 [ INFO] [       o.s.b.w.s.ServletRegistrationBean:187] - Servlet statViewServlet mapped to [/druid/*]
11-05 20:46:46.438 [ INFO] [        o.s.b.w.s.FilterRegistrationBean:245] - Mapping filter: 'characterEncodingFilter' to: [/*]
11-05 20:46:46.438 [ INFO] [        o.s.b.w.s.FilterRegistrationBean:245] - Mapping filter: 'hiddenHttpMethodFilter' to: [/*]
11-05 20:46:46.438 [ INFO] [        o.s.b.w.s.FilterRegistrationBean:245] - Mapping filter: 'httpPutFormContentFilter' to: [/*]
11-05 20:46:46.438 [ INFO] [        o.s.b.w.s.FilterRegistrationBean:245] - Mapping filter: 'requestContextFilter' to: [/*]
11-05 20:46:46.438 [ INFO] [        o.s.b.w.s.FilterRegistrationBean:258] - Mapping filter: 'webStatFilter' to urls: [/*]
11-05 20:46:46.508 [ INFO] [c.a.d.s.b.a.DruidDataSourceAutoConfigure: 56] - Init DruidDataSource
11-05 20:46:46.898 [ INFO] [                 c.a.d.p.DruidDataSource:930] - {dataSource-1} inited
11-05 20:46:47.078 [ INFO] [       o.s.w.s.h.SimpleUrlHandlerMapping:373] - Mapped URL path [/**/favicon.ico] onto handler of type [class org.springframework.web.servlet.resource.ResourceHttpRequestHandler]
11-05 20:46:47.309 [ INFO] [s.w.s.m.m.a.RequestMappingHandlerAdapter:588] - Looking for @ControllerAdvice: org.springframework.boot.web.servlet.context.AnnotationConfigServletWebServerApplicationContext@46fa7c39: startup date [Mon Nov 05 20:46:44 CST 2018]; root of context hierarchy
11-05 20:46:47.359 [ INFO] [s.w.s.m.m.a.RequestMappingHandlerMapping:549] - Mapped "{[/api/sychronizeCities],methods=[PUT]}" onto public int com.chrisyoung.demo.controller.CityRestController.sychronizeCities(java.util.List<com.chrisyoung.demo.dto.DataTransferModel>)
11-05 20:46:47.359 [ INFO] [s.w.s.m.m.a.RequestMappingHandlerMapping:549] - Mapped "{[/api/cities]}" onto public java.util.List<com.chrisyoung.demo.domain.City> com.chrisyoung.demo.controller.CityRestController.findCities()
11-05 20:46:47.359 [ INFO] [s.w.s.m.m.a.RequestMappingHandlerMapping:549] - Mapped "{[/api/city],methods=[GET]}" onto public com.chrisyoung.demo.domain.City com.chrisyoung.demo.controller.CityRestController.findOneCity(java.lang.String)
11-05 20:46:47.359 [ INFO] [s.w.s.m.m.a.RequestMappingHandlerMapping:549] - Mapped "{[/api/addCity],methods=[PUT]}" onto public int com.chrisyoung.demo.controller.CityRestController.addOneCity(com.chrisyoung.demo.domain.City)
11-05 20:46:47.368 [ INFO] [s.w.s.m.m.a.RequestMappingHandlerMapping:549] - Mapped "{[/error]}" onto public org.springframework.http.ResponseEntity<java.util.Map<java.lang.String, java.lang.Object>> org.springframework.boot.autoconfigure.web.servlet.error.BasicErrorController.error(javax.servlet.http.HttpServletRequest)
11-05 20:46:47.368 [ INFO] [s.w.s.m.m.a.RequestMappingHandlerMapping:549] - Mapped "{[/error],produces=[text/html]}" onto public org.springframework.web.servlet.ModelAndView org.springframework.boot.autoconfigure.web.servlet.error.BasicErrorController.errorHtml(javax.servlet.http.HttpServletRequest,javax.servlet.http.HttpServletResponse)
11-05 20:46:47.488 [ INFO] [       o.s.w.s.h.SimpleUrlHandlerMapping:373] - Mapped URL path [/webjars/**] onto handler of type [class org.springframework.web.servlet.resource.ResourceHttpRequestHandler]
11-05 20:46:47.488 [ INFO] [       o.s.w.s.h.SimpleUrlHandlerMapping:373] - Mapped URL path [/**] onto handler of type [class org.springframework.web.servlet.resource.ResourceHttpRequestHandler]
11-05 20:46:47.928 [ INFO] [       o.s.j.e.a.AnnotationMBeanExporter:433] - Registering beans for JMX exposure on startup
11-05 20:46:47.928 [ INFO] [       o.s.j.e.a.AnnotationMBeanExporter:895] - Bean with name 'statFilter' has been autodetected for JMX exposure
11-05 20:46:47.928 [ INFO] [       o.s.j.e.a.AnnotationMBeanExporter:895] - Bean with name 'dataSource' has been autodetected for JMX exposure
11-05 20:46:47.938 [ INFO] [       o.s.j.e.a.AnnotationMBeanExporter:668] - Located MBean 'dataSource': registering with JMX server as MBean [com.alibaba.druid.spring.boot.autoconfigure:name=dataSource,type=DruidDataSourceWrapper]
11-05 20:46:47.938 [ INFO] [       o.s.j.e.a.AnnotationMBeanExporter:668] - Located MBean 'statFilter': registering with JMX server as MBean [com.alibaba.druid.filter.stat:name=statFilter,type=StatFilter]
11-05 20:46:47.978 [ INFO] [               o.a.c.h.Http11NioProtocol:180] - Starting ProtocolHandler ["http-nio-8080"]
11-05 20:46:47.988 [ INFO] [               o.a.t.u.n.NioSelectorPool:180] - Using a shared selector for servlet write/read
11-05 20:46:47.998 [ INFO] [             o.s.b.w.e.t.TomcatWebServer:206] - Tomcat started on port(s): 8080 (http) with context path ''
11-05 20:46:48.008 [ INFO] [                   c.c.d.DemoApplication: 59] - Started DemoApplication in 3.678 seconds (JVM running for 4.581)
11-05 20:47:05.488 [ INFO] [                       o.a.c.c.C.[.[.[/]:180] - Initializing Spring FrameworkServlet 'dispatcherServlet'
11-05 20:47:05.488 [ INFO] [               o.s.w.s.DispatcherServlet:494] - FrameworkServlet 'dispatcherServlet': initialization started
11-05 20:47:05.509 [ INFO] [               o.s.w.s.DispatcherServlet:509] - FrameworkServlet 'dispatcherServlet': initialization completed in 21 ms
11-05 20:48:33.055 [ INFO] [                   c.c.d.DemoApplication: 50] - Starting DemoApplication on DESKTOP-4J1ON82 with PID 19204 (D:\JavaProject\demo\target\classes started by ChrisYoung in D:\JavaProject\demo)
11-05 20:48:33.055 [ INFO] [                   c.c.d.DemoApplication:654] - No active profile set, falling back to default profiles: default
11-05 20:48:33.105 [ INFO] [ConfigServletWebServerApplicationContext:588] - Refreshing org.springframework.boot.web.servlet.context.AnnotationConfigServletWebServerApplicationContext@1329eff: startup date [Mon Nov 05 20:48:33 CST 2018]; root of context hierarchy
11-05 20:48:34.355 [ INFO] [trationDelegate$BeanPostProcessorChecker:326] - Bean 'org.springframework.transaction.annotation.ProxyTransactionManagementConfiguration' of type [org.springframework.transaction.annotation.ProxyTransactionManagementConfiguration$$EnhancerBySpringCGLIB$$22031c97] is not eligible for getting processed by all BeanPostProcessors (for example: not eligible for auto-proxying)
11-05 20:48:34.455 [ INFO] [trationDelegate$BeanPostProcessorChecker:326] - Bean 'org.springframework.hateoas.config.HateoasConfiguration' of type [org.springframework.hateoas.config.HateoasConfiguration$$EnhancerBySpringCGLIB$$a18369c9] is not eligible for getting processed by all BeanPostProcessors (for example: not eligible for auto-proxying)
11-05 20:48:34.825 [ INFO] [             o.s.b.w.e.t.TomcatWebServer: 91] - Tomcat initialized with port(s): 8080 (http)
11-05 20:48:34.835 [ INFO] [               o.a.c.h.Http11NioProtocol:180] - Initializing ProtocolHandler ["http-nio-8080"]
11-05 20:48:34.855 [ INFO] [                 o.a.c.c.StandardService:180] - Starting service [Tomcat]
11-05 20:48:34.865 [ INFO] [                  o.a.c.c.StandardEngine:180] - Starting Servlet Engine: Apache Tomcat/8.5.34
11-05 20:48:34.865 [ INFO] [            o.a.c.c.AprLifecycleListener:180] - The APR based Apache Tomcat Native library which allows optimal performance in production environments was not found on the java.library.path: [C:\Program Files\Java\jdk1.8.0_162\bin;C:\Windows\Sun\Java\bin;C:\Windows\system32;C:\Windows;C:\Program Files\Python36\Scripts\;C:\Program Files\Python36\;C:\Program Files\Java\jdk1.8.0_162\bin;C:\Program Files\Java\jdk1.8.0_162\jre\bin;C:\ProgramData\Oracle\Java\javapath;C:\Program Files (x86)\Intel\Intel(R) Management Engine Components\iCLS\;C:\Program Files\Intel\Intel(R) Management Engine Components\iCLS\;C:\Windows\system32;C:\Windows;C:\Windows\System32\Wbem;C:\Windows\System32\WindowsPowerShell\v1.0\;C:\Windows\System32\OpenSSH\;C:\Program Files (x86)\Intel\Intel(R) Management Engine Components\DAL;C:\Program Files\Intel\Intel(R) Management Engine Components\DAL;C:\Program Files (x86)\Intel\Intel(R) Management Engine Components\IPT;C:\Program Files\Intel\Intel(R) Management Engine Components\IPT;C:\Program Files\Intel\WiFi\bin\;C:\Program Files\Common Files\Intel\WirelessCommon\;C:\Program Files (x86)\NVIDIA Corporation\PhysX\Common;C:\Program Files\PuTTY\;C:\Program Files\MySQL\MySQL Utilities 1.6\;C:\Program Files\dotnet\;C:\Program Files\Microsoft SQL Server\130\Tools\Binn\;C:\Program Files\Git\cmd;C:\Program Files\apache-maven-3.5.4\bin;C:\Users\ChrisYoung\AppData\Local\Microsoft\WindowsApps;C:\Users\ChrisYoung\AppData\Local\GitHubDesktop\bin;.]
11-05 20:48:34.965 [ INFO] [                       o.a.c.c.C.[.[.[/]:180] - Initializing Spring embedded WebApplicationContext
11-05 20:48:34.965 [ INFO] [                   o.s.w.c.ContextLoader:285] - Root WebApplicationContext: initialization completed in 1860 ms
11-05 20:48:35.075 [ INFO] [       o.s.b.w.s.ServletRegistrationBean:187] - Servlet dispatcherServlet mapped to [/]
11-05 20:48:35.075 [ INFO] [       o.s.b.w.s.ServletRegistrationBean:187] - Servlet statViewServlet mapped to [/druid/*]
11-05 20:48:35.075 [ INFO] [        o.s.b.w.s.FilterRegistrationBean:245] - Mapping filter: 'characterEncodingFilter' to: [/*]
11-05 20:48:35.085 [ INFO] [        o.s.b.w.s.FilterRegistrationBean:245] - Mapping filter: 'hiddenHttpMethodFilter' to: [/*]
11-05 20:48:35.085 [ INFO] [        o.s.b.w.s.FilterRegistrationBean:245] - Mapping filter: 'httpPutFormContentFilter' to: [/*]
11-05 20:48:35.085 [ INFO] [        o.s.b.w.s.FilterRegistrationBean:245] - Mapping filter: 'requestContextFilter' to: [/*]
11-05 20:48:35.085 [ INFO] [        o.s.b.w.s.FilterRegistrationBean:258] - Mapping filter: 'webStatFilter' to urls: [/*]
11-05 20:48:35.279 [ INFO] [c.a.d.s.b.a.DruidDataSourceAutoConfigure: 56] - Init DruidDataSource
11-05 20:48:35.655 [ INFO] [                 c.a.d.p.DruidDataSource:930] - {dataSource-1} inited
11-05 20:48:36.318 [ INFO] [s.w.s.m.m.a.RequestMappingHandlerMapping:549] - Mapped "{[/api/addCity],methods=[PUT]}" onto public int com.chrisyoung.demo.controller.CityRestController.addOneCity(com.chrisyoung.demo.domain.City)
11-05 20:48:36.318 [ INFO] [s.w.s.m.m.a.RequestMappingHandlerMapping:549] - Mapped "{[/api/sychronizeCities],methods=[PUT]}" onto public int com.chrisyoung.demo.controller.CityRestController.sychronizeCities(java.util.List<com.chrisyoung.demo.dto.DataTransferModel>)
11-05 20:48:36.318 [ INFO] [s.w.s.m.m.a.RequestMappingHandlerMapping:549] - Mapped "{[/api/city],methods=[GET]}" onto public com.chrisyoung.demo.domain.City com.chrisyoung.demo.controller.CityRestController.findOneCity(java.lang.String)
11-05 20:48:36.318 [ INFO] [s.w.s.m.m.a.RequestMappingHandlerMapping:549] - Mapped "{[/api/cities]}" onto public java.util.List<com.chrisyoung.demo.domain.City> com.chrisyoung.demo.controller.CityRestController.findCities()
11-05 20:48:36.318 [ INFO] [s.w.s.m.m.a.RequestMappingHandlerMapping:549] - Mapped "{[/v2/api-docs],methods=[GET]}" onto public org.springframework.http.ResponseEntity<springfox.documentation.spring.web.json.Json> springfox.documentation.swagger2.web.Swagger2Controller.getDocumentation(java.lang.String)
11-05 20:48:36.318 [ INFO] [s.w.s.m.m.a.RequestMappingHandlerMapping:549] - Mapped "{[/configuration/security]}" onto org.springframework.http.ResponseEntity<springfox.documentation.swagger.web.SecurityConfiguration> springfox.documentation.swagger.web.ApiResourceController.securityConfiguration()
11-05 20:48:36.328 [ INFO] [s.w.s.m.m.a.RequestMappingHandlerMapping:549] - Mapped "{[/configuration/ui]}" onto org.springframework.http.ResponseEntity<springfox.documentation.swagger.web.UiConfiguration> springfox.documentation.swagger.web.ApiResourceController.uiConfiguration()
11-05 20:48:36.328 [ INFO] [s.w.s.m.m.a.RequestMappingHandlerMapping:549] - Mapped "{[/swagger-resources]}" onto org.springframework.http.ResponseEntity<java.util.List<springfox.documentation.swagger.web.SwaggerResource>> springfox.documentation.swagger.web.ApiResourceController.swaggerResources()
11-05 20:48:36.328 [ INFO] [s.w.s.m.m.a.RequestMappingHandlerMapping:549] - Mapped "{[/error]}" onto public org.springframework.http.ResponseEntity<java.util.Map<java.lang.String, java.lang.Object>> org.springframework.boot.autoconfigure.web.servlet.error.BasicErrorController.error(javax.servlet.http.HttpServletRequest)
11-05 20:48:36.328 [ INFO] [s.w.s.m.m.a.RequestMappingHandlerMapping:549] - Mapped "{[/error],produces=[text/html]}" onto public org.springframework.web.servlet.ModelAndView org.springframework.boot.autoconfigure.web.servlet.error.BasicErrorController.errorHtml(javax.servlet.http.HttpServletRequest,javax.servlet.http.HttpServletResponse)
11-05 20:48:36.596 [ INFO] [       o.s.w.s.h.SimpleUrlHandlerMapping:373] - Mapped URL path [/**/favicon.ico] onto handler of type [class org.springframework.web.servlet.resource.ResourceHttpRequestHandler]
11-05 20:48:36.796 [ INFO] [s.w.s.m.m.a.RequestMappingHandlerAdapter:588] - Looking for @ControllerAdvice: org.springframework.boot.web.servlet.context.AnnotationConfigServletWebServerApplicationContext@1329eff: startup date [Mon Nov 05 20:48:33 CST 2018]; root of context hierarchy
11-05 20:48:36.976 [ INFO] [       o.s.w.s.h.SimpleUrlHandlerMapping:373] - Mapped URL path [/webjars/**] onto handler of type [class org.springframework.web.servlet.resource.ResourceHttpRequestHandler]
11-05 20:48:36.976 [ INFO] [       o.s.w.s.h.SimpleUrlHandlerMapping:373] - Mapped URL path [/**] onto handler of type [class org.springframework.web.servlet.resource.ResourceHttpRequestHandler]
11-05 20:48:37.446 [ INFO] [       o.s.j.e.a.AnnotationMBeanExporter:433] - Registering beans for JMX exposure on startup
11-05 20:48:37.446 [ INFO] [       o.s.j.e.a.AnnotationMBeanExporter:895] - Bean with name 'statFilter' has been autodetected for JMX exposure
11-05 20:48:37.446 [ INFO] [       o.s.j.e.a.AnnotationMBeanExporter:895] - Bean with name 'dataSource' has been autodetected for JMX exposure
11-05 20:48:37.456 [ INFO] [       o.s.j.e.a.AnnotationMBeanExporter:668] - Located MBean 'dataSource': registering with JMX server as MBean [com.alibaba.druid.spring.boot.autoconfigure:name=dataSource,type=DruidDataSourceWrapper]
11-05 20:48:37.456 [ INFO] [       o.s.j.e.a.AnnotationMBeanExporter:668] - Located MBean 'statFilter': registering with JMX server as MBean [com.alibaba.druid.filter.stat:name=statFilter,type=StatFilter]
11-05 20:48:37.496 [ INFO] [d.s.w.p.DocumentationPluginsBootstrapper: 80] - Context refreshed
11-05 20:48:37.506 [ INFO] [d.s.w.p.DocumentationPluginsBootstrapper: 83] - Found {0} custom documentation plugin(s)
11-05 20:48:37.516 [ INFO] [    s.d.s.w.s.ApiListingReferenceScanner: 53] - Scanning for api listing references
11-05 20:48:37.526 [ INFO] [               o.a.c.h.Http11NioProtocol:180] - Starting ProtocolHandler ["http-nio-8080"]
11-05 20:48:37.536 [ INFO] [               o.a.t.u.n.NioSelectorPool:180] - Using a shared selector for servlet write/read
11-05 20:48:37.556 [ INFO] [             o.s.b.w.e.t.TomcatWebServer:206] - Tomcat started on port(s): 8080 (http) with context path ''
11-05 20:48:37.556 [ INFO] [                   c.c.d.DemoApplication: 59] - Started DemoApplication in 4.781 seconds (JVM running for 5.874)
11-05 20:48:41.889 [ INFO] [                       o.a.c.c.C.[.[.[/]:180] - Initializing Spring FrameworkServlet 'dispatcherServlet'
11-05 20:48:41.889 [ INFO] [               o.s.w.s.DispatcherServlet:494] - FrameworkServlet 'dispatcherServlet': initialization started
11-05 20:48:41.912 [ INFO] [               o.s.w.s.DispatcherServlet:509] - FrameworkServlet 'dispatcherServlet': initialization completed in 23 ms
11-05 20:55:32.189 [ INFO] [                   c.c.d.DemoApplication: 50] - Starting DemoApplication on DESKTOP-4J1ON82 with PID 10680 (D:\JavaProject\demo\target\classes started by ChrisYoung in D:\JavaProject\demo)
11-05 20:55:32.191 [ INFO] [                   c.c.d.DemoApplication:654] - No active profile set, falling back to default profiles: default
11-05 20:55:32.240 [ INFO] [ConfigServletWebServerApplicationContext:588] - Refreshing org.springframework.boot.web.servlet.context.AnnotationConfigServletWebServerApplicationContext@37858383: startup date [Mon Nov 05 20:55:32 CST 2018]; root of context hierarchy
11-05 20:55:33.727 [ INFO] [trationDelegate$BeanPostProcessorChecker:326] - Bean 'org.springframework.transaction.annotation.ProxyTransactionManagementConfiguration' of type [org.springframework.transaction.annotation.ProxyTransactionManagementConfiguration$$EnhancerBySpringCGLIB$$4c28c14] is not eligible for getting processed by all BeanPostProcessors (for example: not eligible for auto-proxying)
11-05 20:55:33.858 [ INFO] [trationDelegate$BeanPostProcessorChecker:326] - Bean 'org.springframework.hateoas.config.HateoasConfiguration' of type [org.springframework.hateoas.config.HateoasConfiguration$$EnhancerBySpringCGLIB$$8442d946] is not eligible for getting processed by all BeanPostProcessors (for example: not eligible for auto-proxying)
11-05 20:55:34.304 [ INFO] [             o.s.b.w.e.t.TomcatWebServer: 91] - Tomcat initialized with port(s): 8080 (http)
11-05 20:55:34.316 [ INFO] [               o.a.c.h.Http11NioProtocol:180] - Initializing ProtocolHandler ["http-nio-8080"]
11-05 20:55:34.325 [ INFO] [                 o.a.c.c.StandardService:180] - Starting service [Tomcat]
11-05 20:55:34.326 [ INFO] [                  o.a.c.c.StandardEngine:180] - Starting Servlet Engine: Apache Tomcat/8.5.34
11-05 20:55:34.330 [ INFO] [            o.a.c.c.AprLifecycleListener:180] - The APR based Apache Tomcat Native library which allows optimal performance in production environments was not found on the java.library.path: [C:\Program Files\Java\jdk1.8.0_162\bin;C:\Windows\Sun\Java\bin;C:\Windows\system32;C:\Windows;C:\Program Files\Python36\Scripts\;C:\Program Files\Python36\;C:\Program Files\Java\jdk1.8.0_162\bin;C:\Program Files\Java\jdk1.8.0_162\jre\bin;C:\ProgramData\Oracle\Java\javapath;C:\Program Files (x86)\Intel\Intel(R) Management Engine Components\iCLS\;C:\Program Files\Intel\Intel(R) Management Engine Components\iCLS\;C:\Windows\system32;C:\Windows;C:\Windows\System32\Wbem;C:\Windows\System32\WindowsPowerShell\v1.0\;C:\Windows\System32\OpenSSH\;C:\Program Files (x86)\Intel\Intel(R) Management Engine Components\DAL;C:\Program Files\Intel\Intel(R) Management Engine Components\DAL;C:\Program Files (x86)\Intel\Intel(R) Management Engine Components\IPT;C:\Program Files\Intel\Intel(R) Management Engine Components\IPT;C:\Program Files\Intel\WiFi\bin\;C:\Program Files\Common Files\Intel\WirelessCommon\;C:\Program Files (x86)\NVIDIA Corporation\PhysX\Common;C:\Program Files\PuTTY\;C:\Program Files\MySQL\MySQL Utilities 1.6\;C:\Program Files\dotnet\;C:\Program Files\Microsoft SQL Server\130\Tools\Binn\;C:\Program Files\Git\cmd;C:\Program Files\apache-maven-3.5.4\bin;C:\Users\ChrisYoung\AppData\Local\Microsoft\WindowsApps;C:\Users\ChrisYoung\AppData\Local\GitHubDesktop\bin;.]
11-05 20:55:34.464 [ INFO] [                       o.a.c.c.C.[.[.[/]:180] - Initializing Spring embedded WebApplicationContext
11-05 20:55:34.465 [ INFO] [                   o.s.w.c.ContextLoader:285] - Root WebApplicationContext: initialization completed in 2229 ms
11-05 20:55:34.586 [ INFO] [       o.s.b.w.s.ServletRegistrationBean:187] - Servlet dispatcherServlet mapped to [/]
11-05 20:55:34.587 [ INFO] [       o.s.b.w.s.ServletRegistrationBean:187] - Servlet statViewServlet mapped to [/druid/*]
11-05 20:55:34.590 [ INFO] [        o.s.b.w.s.FilterRegistrationBean:245] - Mapping filter: 'characterEncodingFilter' to: [/*]
11-05 20:55:34.590 [ INFO] [        o.s.b.w.s.FilterRegistrationBean:245] - Mapping filter: 'hiddenHttpMethodFilter' to: [/*]
11-05 20:55:34.590 [ INFO] [        o.s.b.w.s.FilterRegistrationBean:245] - Mapping filter: 'httpPutFormContentFilter' to: [/*]
11-05 20:55:34.591 [ INFO] [        o.s.b.w.s.FilterRegistrationBean:245] - Mapping filter: 'requestContextFilter' to: [/*]
11-05 20:55:34.591 [ INFO] [        o.s.b.w.s.FilterRegistrationBean:258] - Mapping filter: 'webStatFilter' to urls: [/*]
11-05 20:55:34.736 [ INFO] [c.a.d.s.b.a.DruidDataSourceAutoConfigure: 56] - Init DruidDataSource
11-05 20:55:35.104 [ INFO] [                 c.a.d.p.DruidDataSource:930] - {dataSource-1} inited
11-05 20:55:35.999 [ INFO] [s.w.s.m.m.a.RequestMappingHandlerMapping:549] - Mapped "{[/api/addCity],methods=[PUT]}" onto public int com.chrisyoung.demo.controller.CityRestController.addOneCity(com.chrisyoung.demo.domain.City)
11-05 20:55:36.000 [ INFO] [s.w.s.m.m.a.RequestMappingHandlerMapping:549] - Mapped "{[/api/city],methods=[GET]}" onto public com.chrisyoung.demo.domain.City com.chrisyoung.demo.controller.CityRestController.findOneCity(java.lang.String)
11-05 20:55:36.001 [ INFO] [s.w.s.m.m.a.RequestMappingHandlerMapping:549] - Mapped "{[/api/sychronizeCities],methods=[PUT]}" onto public int com.chrisyoung.demo.controller.CityRestController.sychronizeCities(java.util.List<com.chrisyoung.demo.dto.DataTransferModel>)
11-05 20:55:36.001 [ INFO] [s.w.s.m.m.a.RequestMappingHandlerMapping:549] - Mapped "{[/api/cities]}" onto public java.util.List<com.chrisyoung.demo.domain.City> com.chrisyoung.demo.controller.CityRestController.findCities()
11-05 20:55:36.003 [ INFO] [s.w.s.m.m.a.RequestMappingHandlerMapping:549] - Mapped "{[/v2/api-docs],methods=[GET]}" onto public org.springframework.http.ResponseEntity<springfox.documentation.spring.web.json.Json> springfox.documentation.swagger2.web.Swagger2Controller.getDocumentation(java.lang.String)
11-05 20:55:36.006 [ INFO] [s.w.s.m.m.a.RequestMappingHandlerMapping:549] - Mapped "{[/configuration/security]}" onto org.springframework.http.ResponseEntity<springfox.documentation.swagger.web.SecurityConfiguration> springfox.documentation.swagger.web.ApiResourceController.securityConfiguration()
11-05 20:55:36.006 [ INFO] [s.w.s.m.m.a.RequestMappingHandlerMapping:549] - Mapped "{[/configuration/ui]}" onto org.springframework.http.ResponseEntity<springfox.documentation.swagger.web.UiConfiguration> springfox.documentation.swagger.web.ApiResourceController.uiConfiguration()
11-05 20:55:36.006 [ INFO] [s.w.s.m.m.a.RequestMappingHandlerMapping:549] - Mapped "{[/swagger-resources]}" onto org.springframework.http.ResponseEntity<java.util.List<springfox.documentation.swagger.web.SwaggerResource>> springfox.documentation.swagger.web.ApiResourceController.swaggerResources()
11-05 20:55:36.016 [ INFO] [s.w.s.m.m.a.RequestMappingHandlerMapping:549] - Mapped "{[/error]}" onto public org.springframework.http.ResponseEntity<java.util.Map<java.lang.String, java.lang.Object>> org.springframework.boot.autoconfigure.web.servlet.error.BasicErrorController.error(javax.servlet.http.HttpServletRequest)
11-05 20:55:36.017 [ INFO] [s.w.s.m.m.a.RequestMappingHandlerMapping:549] - Mapped "{[/error],produces=[text/html]}" onto public org.springframework.web.servlet.ModelAndView org.springframework.boot.autoconfigure.web.servlet.error.BasicErrorController.errorHtml(javax.servlet.http.HttpServletRequest,javax.servlet.http.HttpServletResponse)
11-05 20:55:36.302 [ INFO] [       o.s.w.s.h.SimpleUrlHandlerMapping:373] - Mapped URL path [/**/favicon.ico] onto handler of type [class org.springframework.web.servlet.resource.ResourceHttpRequestHandler]
11-05 20:55:36.588 [ INFO] [s.w.s.m.m.a.RequestMappingHandlerAdapter:588] - Looking for @ControllerAdvice: org.springframework.boot.web.servlet.context.AnnotationConfigServletWebServerApplicationContext@37858383: startup date [Mon Nov 05 20:55:32 CST 2018]; root of context hierarchy
11-05 20:55:36.688 [ INFO] [       o.s.w.s.h.SimpleUrlHandlerMapping:373] - Mapped URL path [/webjars/**] onto handler of type [class org.springframework.web.servlet.resource.ResourceHttpRequestHandler]
11-05 20:55:36.688 [ INFO] [       o.s.w.s.h.SimpleUrlHandlerMapping:373] - Mapped URL path [/**] onto handler of type [class org.springframework.web.servlet.resource.ResourceHttpRequestHandler]
11-05 20:55:37.193 [ INFO] [       o.s.j.e.a.AnnotationMBeanExporter:433] - Registering beans for JMX exposure on startup
11-05 20:55:37.195 [ INFO] [       o.s.j.e.a.AnnotationMBeanExporter:895] - Bean with name 'statFilter' has been autodetected for JMX exposure
11-05 20:55:37.195 [ INFO] [       o.s.j.e.a.AnnotationMBeanExporter:895] - Bean with name 'dataSource' has been autodetected for JMX exposure
11-05 20:55:37.208 [ INFO] [       o.s.j.e.a.AnnotationMBeanExporter:668] - Located MBean 'dataSource': registering with JMX server as MBean [com.alibaba.druid.spring.boot.autoconfigure:name=dataSource,type=DruidDataSourceWrapper]
11-05 20:55:37.209 [ INFO] [       o.s.j.e.a.AnnotationMBeanExporter:668] - Located MBean 'statFilter': registering with JMX server as MBean [com.alibaba.druid.filter.stat:name=statFilter,type=StatFilter]
11-05 20:55:37.239 [ INFO] [d.s.w.p.DocumentationPluginsBootstrapper: 80] - Context refreshed
11-05 20:55:37.255 [ INFO] [d.s.w.p.DocumentationPluginsBootstrapper: 83] - Found {0} custom documentation plugin(s)
11-05 20:55:37.266 [ INFO] [    s.d.s.w.s.ApiListingReferenceScanner: 53] - Scanning for api listing references
11-05 20:55:37.273 [ INFO] [s.w.ClassOrApiAnnotationResourceGrouping:100] - Group for method addOneCity was city-rest-controller
11-05 20:55:37.275 [ INFO] [    s.d.s.w.s.ApiListingReferenceScanner: 72] - Request mapping: addOneCity belongs to groups: [[ResourceGroup{groupName='city-rest-controller', position=0, controller=com.chrisyoung.demo.controller.CityRestController}]] 
11-05 20:55:37.276 [ INFO] [s.w.ClassOrApiAnnotationResourceGrouping:100] - Group for method findCities was city-rest-controller
11-05 20:55:37.276 [ INFO] [    s.d.s.w.s.ApiListingReferenceScanner: 72] - Request mapping: findCities belongs to groups: [[ResourceGroup{groupName='city-rest-controller', position=0, controller=com.chrisyoung.demo.controller.CityRestController}]] 
11-05 20:55:37.277 [ INFO] [s.w.ClassOrApiAnnotationResourceGrouping:100] - Group for method findOneCity was city-rest-controller
11-05 20:55:37.277 [ INFO] [    s.d.s.w.s.ApiListingReferenceScanner: 72] - Request mapping: findOneCity belongs to groups: [[ResourceGroup{groupName='city-rest-controller', position=0, controller=com.chrisyoung.demo.controller.CityRestController}]] 
11-05 20:55:37.277 [ INFO] [s.w.ClassOrApiAnnotationResourceGrouping:100] - Group for method sychronizeCities was city-rest-controller
11-05 20:55:37.278 [ INFO] [    s.d.s.w.s.ApiListingReferenceScanner: 72] - Request mapping: sychronizeCities belongs to groups: [[ResourceGroup{groupName='city-rest-controller', position=0, controller=com.chrisyoung.demo.controller.CityRestController}]] 
11-05 20:55:37.285 [ INFO] [    s.d.s.w.s.ApiListingReferenceScanner: 84] - Created resource listing Path: /default/city-rest-controller Description: city-rest-controller Position: 0
11-05 20:55:37.323 [ INFO] [          s.d.s.ModelContextKeyGenerator: 46] - Cache Key Generated: com.chrisyoung.demo.domain.City(false)
11-05 20:55:37.323 [ INFO] [                 s.d.s.w.c.CachingAspect: 79] - Caching aspect applied for cache models with key com.chrisyoung.demo.domain.City(false)
11-05 20:55:37.332 [ INFO] [     s.d.s.p.ModelPropertiesKeyGenerator: 48] - Cache key generated: com.chrisyoung.demo.domain.City(false)
11-05 20:55:37.333 [ INFO] [                 s.d.s.w.c.CachingAspect: 68] - Caching aspect applied for cache modelProperties with key com.chrisyoung.demo.domain.City(false)
11-05 20:55:37.387 [ INFO] [          s.d.s.ModelContextKeyGenerator: 46] - Cache Key Generated: com.chrisyoung.demo.domain.City(false)
11-05 20:55:37.387 [ INFO] [                 s.d.s.w.c.CachingAspect: 79] - Caching aspect applied for cache modelDependencies with key com.chrisyoung.demo.domain.City(false)
11-05 20:55:37.390 [ INFO] [     s.d.s.p.ModelPropertiesKeyGenerator: 48] - Cache key generated: com.chrisyoung.demo.domain.City(false)
11-05 20:55:37.390 [ INFO] [                 s.d.s.w.c.CachingAspect: 68] - Caching aspect applied for cache modelProperties with key com.chrisyoung.demo.domain.City(false)
11-05 20:55:37.392 [ INFO] [          s.d.s.ModelContextKeyGenerator: 46] - Cache Key Generated: int(true)
11-05 20:55:37.392 [ INFO] [                 s.d.s.w.c.CachingAspect: 79] - Caching aspect applied for cache models with key int(true)
11-05 20:55:37.393 [ INFO] [          s.d.s.ModelContextKeyGenerator: 46] - Cache Key Generated: int(true)
11-05 20:55:37.393 [ INFO] [                 s.d.s.w.c.CachingAspect: 79] - Caching aspect applied for cache modelDependencies with key int(true)
11-05 20:55:37.394 [ INFO] [          s.d.s.w.OperationsKeyGenerator: 51] - Cache key generated: /api/addCity.com.chrisyoung.demo.controller.CityRestController.addOneCity.DefaultGenericTypeNamingStrategy
11-05 20:55:37.394 [ INFO] [                 s.d.s.w.c.CachingAspect: 68] - Caching aspect applied for cache operations with key /api/addCity.com.chrisyoung.demo.controller.CityRestController.addOneCity.DefaultGenericTypeNamingStrategy
11-05 20:55:37.414 [ INFO] [s.w.ClassOrApiAnnotationResourceGrouping:100] - Group for method addOneCity was city-rest-controller
11-05 20:55:37.428 [ INFO] [s.w.ClassOrApiAnnotationResourceGrouping:100] - Group for method addOneCity was city-rest-controller
11-05 20:55:37.437 [ INFO] [          s.d.s.ModelContextKeyGenerator: 46] - Cache Key Generated: java.util.List<com.chrisyoung.demo.domain.City>(true)
11-05 20:55:37.437 [ INFO] [                 s.d.s.w.c.CachingAspect: 79] - Caching aspect applied for cache models with key java.util.List<com.chrisyoung.demo.domain.City>(true)
11-05 20:55:37.437 [ INFO] [          s.d.s.ModelContextKeyGenerator: 46] - Cache Key Generated: java.util.List<com.chrisyoung.demo.domain.City>(true)
11-05 20:55:37.438 [ INFO] [                 s.d.s.w.c.CachingAspect: 79] - Caching aspect applied for cache modelDependencies with key java.util.List<com.chrisyoung.demo.domain.City>(true)
11-05 20:55:37.438 [ INFO] [     s.d.s.p.ModelPropertiesKeyGenerator: 48] - Cache key generated: com.chrisyoung.demo.domain.City(true)
11-05 20:55:37.439 [ INFO] [                 s.d.s.w.c.CachingAspect: 68] - Caching aspect applied for cache modelProperties with key com.chrisyoung.demo.domain.City(true)
11-05 20:55:37.474 [ INFO] [     s.d.s.p.ModelPropertiesKeyGenerator: 48] - Cache key generated: java.util.List<com.chrisyoung.demo.domain.City>(true)
11-05 20:55:37.474 [ INFO] [                 s.d.s.w.c.CachingAspect: 68] - Caching aspect applied for cache modelProperties with key java.util.List<com.chrisyoung.demo.domain.City>(true)
11-05 20:55:37.475 [ INFO] [     s.d.s.p.ModelPropertiesKeyGenerator: 48] - Cache key generated: com.chrisyoung.demo.domain.City(true)
11-05 20:55:37.475 [ INFO] [                 s.d.s.w.c.CachingAspect: 68] - Caching aspect applied for cache modelProperties with key com.chrisyoung.demo.domain.City(true)
11-05 20:55:37.476 [ INFO] [          s.d.s.w.OperationsKeyGenerator: 51] - Cache key generated: /api/cities.com.chrisyoung.demo.controller.CityRestController.findCities.DefaultGenericTypeNamingStrategy
11-05 20:55:37.476 [ INFO] [                 s.d.s.w.c.CachingAspect: 68] - Caching aspect applied for cache operations with key /api/cities.com.chrisyoung.demo.controller.CityRestController.findCities.DefaultGenericTypeNamingStrategy
11-05 20:55:37.477 [ INFO] [s.w.ClassOrApiAnnotationResourceGrouping:100] - Group for method findCities was city-rest-controller
11-05 20:55:37.478 [ INFO] [s.w.ClassOrApiAnnotationResourceGrouping:100] - Group for method findCities was city-rest-controller
11-05 20:55:37.481 [ INFO] [s.w.ClassOrApiAnnotationResourceGrouping:100] - Group for method findCities was city-rest-controller
11-05 20:55:37.483 [ INFO] [s.w.ClassOrApiAnnotationResourceGrouping:100] - Group for method findCities was city-rest-controller
11-05 20:55:37.485 [ INFO] [s.w.ClassOrApiAnnotationResourceGrouping:100] - Group for method findCities was city-rest-controller
11-05 20:55:37.486 [ INFO] [s.w.ClassOrApiAnnotationResourceGrouping:100] - Group for method findCities was city-rest-controller
11-05 20:55:37.487 [ INFO] [s.w.ClassOrApiAnnotationResourceGrouping:100] - Group for method findCities was city-rest-controller
11-05 20:55:37.489 [ INFO] [s.w.ClassOrApiAnnotationResourceGrouping:100] - Group for method findCities was city-rest-controller
11-05 20:55:37.491 [ INFO] [s.w.ClassOrApiAnnotationResourceGrouping:100] - Group for method findCities was city-rest-controller
11-05 20:55:37.492 [ INFO] [s.w.ClassOrApiAnnotationResourceGrouping:100] - Group for method findCities was city-rest-controller
11-05 20:55:37.493 [ INFO] [s.w.ClassOrApiAnnotationResourceGrouping:100] - Group for method findCities was city-rest-controller
11-05 20:55:37.495 [ INFO] [s.w.ClassOrApiAnnotationResourceGrouping:100] - Group for method findCities was city-rest-controller
11-05 20:55:37.498 [ INFO] [s.w.ClassOrApiAnnotationResourceGrouping:100] - Group for method findCities was city-rest-controller
11-05 20:55:37.499 [ INFO] [s.w.ClassOrApiAnnotationResourceGrouping:100] - Group for method findCities was city-rest-controller
11-05 20:55:37.503 [ INFO] [s.w.ClassOrApiAnnotationResourceGrouping:100] - Group for method findCities was city-rest-controller
11-05 20:55:37.505 [ INFO] [s.w.ClassOrApiAnnotationResourceGrouping:100] - Group for method findCities was city-rest-controller
11-05 20:55:37.509 [ INFO] [          s.d.s.ModelContextKeyGenerator: 46] - Cache Key Generated: com.chrisyoung.demo.domain.City(true)
11-05 20:55:37.509 [ INFO] [                 s.d.s.w.c.CachingAspect: 79] - Caching aspect applied for cache models with key com.chrisyoung.demo.domain.City(true)
11-05 20:55:37.509 [ INFO] [     s.d.s.p.ModelPropertiesKeyGenerator: 48] - Cache key generated: com.chrisyoung.demo.domain.City(true)
11-05 20:55:37.509 [ INFO] [                 s.d.s.w.c.CachingAspect: 68] - Caching aspect applied for cache modelProperties with key com.chrisyoung.demo.domain.City(true)
11-05 20:55:37.510 [ INFO] [          s.d.s.ModelContextKeyGenerator: 46] - Cache Key Generated: com.chrisyoung.demo.domain.City(true)
11-05 20:55:37.510 [ INFO] [                 s.d.s.w.c.CachingAspect: 79] - Caching aspect applied for cache modelDependencies with key com.chrisyoung.demo.domain.City(true)
11-05 20:55:37.510 [ INFO] [     s.d.s.p.ModelPropertiesKeyGenerator: 48] - Cache key generated: com.chrisyoung.demo.domain.City(true)
11-05 20:55:37.510 [ INFO] [                 s.d.s.w.c.CachingAspect: 68] - Caching aspect applied for cache modelProperties with key com.chrisyoung.demo.domain.City(true)
11-05 20:55:37.511 [ INFO] [          s.d.s.w.OperationsKeyGenerator: 51] - Cache key generated: /api/city.com.chrisyoung.demo.controller.CityRestController.findOneCity.DefaultGenericTypeNamingStrategy
11-05 20:55:37.511 [ INFO] [                 s.d.s.w.c.CachingAspect: 68] - Caching aspect applied for cache operations with key /api/city.com.chrisyoung.demo.controller.CityRestController.findOneCity.DefaultGenericTypeNamingStrategy
11-05 20:55:37.516 [ INFO] [s.w.ClassOrApiAnnotationResourceGrouping:100] - Group for method findOneCity was city-rest-controller
11-05 20:55:37.519 [ INFO] [s.w.ClassOrApiAnnotationResourceGrouping:100] - Group for method findOneCity was city-rest-controller
11-05 20:55:37.522 [ INFO] [          s.d.s.ModelContextKeyGenerator: 46] - Cache Key Generated: java.util.List<com.chrisyoung.demo.dto.DataTransferModel>(false)
11-05 20:55:37.523 [ INFO] [                 s.d.s.w.c.CachingAspect: 79] - Caching aspect applied for cache models with key java.util.List<com.chrisyoung.demo.dto.DataTransferModel>(false)
11-05 20:55:37.524 [ INFO] [          s.d.s.ModelContextKeyGenerator: 46] - Cache Key Generated: java.util.List<com.chrisyoung.demo.dto.DataTransferModel>(false)
11-05 20:55:37.524 [ INFO] [                 s.d.s.w.c.CachingAspect: 79] - Caching aspect applied for cache modelDependencies with key java.util.List<com.chrisyoung.demo.dto.DataTransferModel>(false)
11-05 20:55:37.524 [ INFO] [     s.d.s.p.ModelPropertiesKeyGenerator: 48] - Cache key generated: com.chrisyoung.demo.dto.DataTransferModel(false)
11-05 20:55:37.525 [ INFO] [                 s.d.s.w.c.CachingAspect: 68] - Caching aspect applied for cache modelProperties with key com.chrisyoung.demo.dto.DataTransferModel(false)
11-05 20:55:37.531 [ INFO] [     s.d.s.p.ModelPropertiesKeyGenerator: 48] - Cache key generated: com.chrisyoung.demo.domain.City(false)
11-05 20:55:37.532 [ INFO] [                 s.d.s.w.c.CachingAspect: 68] - Caching aspect applied for cache modelProperties with key com.chrisyoung.demo.domain.City(false)
11-05 20:55:37.532 [ INFO] [     s.d.s.p.ModelPropertiesKeyGenerator: 48] - Cache key generated: java.util.List<com.chrisyoung.demo.dto.DataTransferModel>(false)
11-05 20:55:37.533 [ INFO] [                 s.d.s.w.c.CachingAspect: 68] - Caching aspect applied for cache modelProperties with key java.util.List<com.chrisyoung.demo.dto.DataTransferModel>(false)
11-05 20:55:37.534 [ INFO] [     s.d.s.p.ModelPropertiesKeyGenerator: 48] - Cache key generated: com.chrisyoung.demo.dto.DataTransferModel(false)
11-05 20:55:37.534 [ INFO] [                 s.d.s.w.c.CachingAspect: 68] - Caching aspect applied for cache modelProperties with key com.chrisyoung.demo.dto.DataTransferModel(false)
11-05 20:55:37.535 [ INFO] [     s.d.s.p.ModelPropertiesKeyGenerator: 48] - Cache key generated: com.chrisyoung.demo.domain.City(false)
11-05 20:55:37.535 [ INFO] [                 s.d.s.w.c.CachingAspect: 68] - Caching aspect applied for cache modelProperties with key com.chrisyoung.demo.domain.City(false)
11-05 20:55:37.537 [ INFO] [          s.d.s.ModelContextKeyGenerator: 46] - Cache Key Generated: int(true)
11-05 20:55:37.538 [ INFO] [                 s.d.s.w.c.CachingAspect: 79] - Caching aspect applied for cache models with key int(true)
11-05 20:55:37.538 [ INFO] [          s.d.s.ModelContextKeyGenerator: 46] - Cache Key Generated: int(true)
11-05 20:55:37.539 [ INFO] [                 s.d.s.w.c.CachingAspect: 79] - Caching aspect applied for cache modelDependencies with key int(true)
11-05 20:55:37.540 [ INFO] [          s.d.s.w.OperationsKeyGenerator: 51] - Cache key generated: /api/sychronizeCities.com.chrisyoung.demo.controller.CityRestController.sychronizeCities.DefaultGenericTypeNamingStrategy
11-05 20:55:37.540 [ INFO] [                 s.d.s.w.c.CachingAspect: 68] - Caching aspect applied for cache operations with key /api/sychronizeCities.com.chrisyoung.demo.controller.CityRestController.sychronizeCities.DefaultGenericTypeNamingStrategy
11-05 20:55:37.541 [ INFO] [s.w.ClassOrApiAnnotationResourceGrouping:100] - Group for method sychronizeCities was city-rest-controller
11-05 20:55:37.543 [ INFO] [s.w.ClassOrApiAnnotationResourceGrouping:100] - Group for method sychronizeCities was city-rest-controller
11-05 20:55:37.569 [ INFO] [               o.a.c.h.Http11NioProtocol:180] - Starting ProtocolHandler ["http-nio-8080"]
11-05 20:55:37.586 [ INFO] [               o.a.t.u.n.NioSelectorPool:180] - Using a shared selector for servlet write/read
11-05 20:55:37.605 [ INFO] [             o.s.b.w.e.t.TomcatWebServer:206] - Tomcat started on port(s): 8080 (http) with context path ''
11-05 20:55:37.609 [ INFO] [                   c.c.d.DemoApplication: 59] - Started DemoApplication in 5.708 seconds (JVM running for 6.828)
11-05 20:55:43.633 [ INFO] [                       o.a.c.c.C.[.[.[/]:180] - Initializing Spring FrameworkServlet 'dispatcherServlet'
11-05 20:55:43.633 [ INFO] [               o.s.w.s.DispatcherServlet:494] - FrameworkServlet 'dispatcherServlet': initialization started
11-05 20:55:43.657 [ INFO] [               o.s.w.s.DispatcherServlet:509] - FrameworkServlet 'dispatcherServlet': initialization completed in 24 ms
11-05 20:59:41.500 [ INFO] [       o.s.b.f.x.XmlBeanDefinitionReader:317] - Loading XML bean definitions from class path resource [org/springframework/jdbc/support/sql-error-codes.xml]
11-05 21:24:47.510 [ INFO] [                   c.c.d.DemoApplication: 50] - Starting DemoApplication on DESKTOP-4J1ON82 with PID 18016 (D:\JavaProject\demo\target\classes started by ChrisYoung in D:\JavaProject\demo)
11-05 21:24:47.510 [ INFO] [                   c.c.d.DemoApplication:654] - No active profile set, falling back to default profiles: default
11-05 21:24:47.557 [ INFO] [ConfigServletWebServerApplicationContext:588] - Refreshing org.springframework.boot.web.servlet.context.AnnotationConfigServletWebServerApplicationContext@6c779568: startup date [Mon Nov 05 21:24:47 CST 2018]; root of context hierarchy
11-05 21:24:48.954 [ INFO] [trationDelegate$BeanPostProcessorChecker:326] - Bean 'org.springframework.transaction.annotation.ProxyTransactionManagementConfiguration' of type [org.springframework.transaction.annotation.ProxyTransactionManagementConfiguration$$EnhancerBySpringCGLIB$$48544713] is not eligible for getting processed by all BeanPostProcessors (for example: not eligible for auto-proxying)
11-05 21:24:49.093 [ INFO] [trationDelegate$BeanPostProcessorChecker:326] - Bean 'org.springframework.hateoas.config.HateoasConfiguration' of type [org.springframework.hateoas.config.HateoasConfiguration$$EnhancerBySpringCGLIB$$c7d49445] is not eligible for getting processed by all BeanPostProcessors (for example: not eligible for auto-proxying)
11-05 21:24:49.533 [ INFO] [             o.s.b.w.e.t.TomcatWebServer: 91] - Tomcat initialized with port(s): 8080 (http)
11-05 21:24:49.544 [ INFO] [               o.a.c.h.Http11NioProtocol:180] - Initializing ProtocolHandler ["http-nio-8080"]
11-05 21:24:49.553 [ INFO] [                 o.a.c.c.StandardService:180] - Starting service [Tomcat]
11-05 21:24:49.553 [ INFO] [                  o.a.c.c.StandardEngine:180] - Starting Servlet Engine: Apache Tomcat/8.5.34
11-05 21:24:49.557 [ INFO] [            o.a.c.c.AprLifecycleListener:180] - The APR based Apache Tomcat Native library which allows optimal performance in production environments was not found on the java.library.path: [C:\Program Files\Java\jdk1.8.0_162\bin;C:\Windows\Sun\Java\bin;C:\Windows\system32;C:\Windows;C:\Program Files\Python36\Scripts\;C:\Program Files\Python36\;C:\Program Files\Java\jdk1.8.0_162\bin;C:\Program Files\Java\jdk1.8.0_162\jre\bin;C:\ProgramData\Oracle\Java\javapath;C:\Program Files (x86)\Intel\Intel(R) Management Engine Components\iCLS\;C:\Program Files\Intel\Intel(R) Management Engine Components\iCLS\;C:\Windows\system32;C:\Windows;C:\Windows\System32\Wbem;C:\Windows\System32\WindowsPowerShell\v1.0\;C:\Windows\System32\OpenSSH\;C:\Program Files (x86)\Intel\Intel(R) Management Engine Components\DAL;C:\Program Files\Intel\Intel(R) Management Engine Components\DAL;C:\Program Files (x86)\Intel\Intel(R) Management Engine Components\IPT;C:\Program Files\Intel\Intel(R) Management Engine Components\IPT;C:\Program Files\Intel\WiFi\bin\;C:\Program Files\Common Files\Intel\WirelessCommon\;C:\Program Files (x86)\NVIDIA Corporation\PhysX\Common;C:\Program Files\PuTTY\;C:\Program Files\MySQL\MySQL Utilities 1.6\;C:\Program Files\dotnet\;C:\Program Files\Microsoft SQL Server\130\Tools\Binn\;C:\Program Files\Git\cmd;C:\Program Files\apache-maven-3.5.4\bin;C:\Users\ChrisYoung\AppData\Local\Microsoft\WindowsApps;C:\Users\ChrisYoung\AppData\Local\GitHubDesktop\bin;.]
11-05 21:24:49.682 [ INFO] [                       o.a.c.c.C.[.[.[/]:180] - Initializing Spring embedded WebApplicationContext
11-05 21:24:49.682 [ INFO] [                   o.s.w.c.ContextLoader:285] - Root WebApplicationContext: initialization completed in 2126 ms
11-05 21:24:49.791 [ INFO] [       o.s.b.w.s.ServletRegistrationBean:187] - Servlet dispatcherServlet mapped to [/]
11-05 21:24:49.792 [ INFO] [       o.s.b.w.s.ServletRegistrationBean:187] - Servlet statViewServlet mapped to [/druid/*]
11-05 21:24:49.794 [ INFO] [        o.s.b.w.s.FilterRegistrationBean:245] - Mapping filter: 'characterEncodingFilter' to: [/*]
11-05 21:24:49.795 [ INFO] [        o.s.b.w.s.FilterRegistrationBean:245] - Mapping filter: 'hiddenHttpMethodFilter' to: [/*]
11-05 21:24:49.795 [ INFO] [        o.s.b.w.s.FilterRegistrationBean:245] - Mapping filter: 'httpPutFormContentFilter' to: [/*]
11-05 21:24:49.795 [ INFO] [        o.s.b.w.s.FilterRegistrationBean:245] - Mapping filter: 'requestContextFilter' to: [/*]
11-05 21:24:49.795 [ INFO] [        o.s.b.w.s.FilterRegistrationBean:258] - Mapping filter: 'webStatFilter' to urls: [/*]
11-05 21:24:49.934 [ INFO] [c.a.d.s.b.a.DruidDataSourceAutoConfigure: 56] - Init DruidDataSource
11-05 21:24:50.409 [ INFO] [                 c.a.d.p.DruidDataSource:930] - {dataSource-1} inited
11-05 21:24:51.155 [ INFO] [s.w.s.m.m.a.RequestMappingHandlerMapping:549] - Mapped "{[/api/cities]}" onto public java.util.List<com.chrisyoung.demo.domain.City> com.chrisyoung.demo.controller.CityRestController.findCities()
11-05 21:24:51.156 [ INFO] [s.w.s.m.m.a.RequestMappingHandlerMapping:549] - Mapped "{[/api/sychronizeCities],methods=[PUT]}" onto public int com.chrisyoung.demo.controller.CityRestController.sychronizeCities(java.util.List<com.chrisyoung.demo.dto.DataTransferModel<com.chrisyoung.demo.domain.City>>)
11-05 21:24:51.156 [ INFO] [s.w.s.m.m.a.RequestMappingHandlerMapping:549] - Mapped "{[/api/city],methods=[GET]}" onto public com.chrisyoung.demo.domain.City com.chrisyoung.demo.controller.CityRestController.findOneCity(java.lang.String)
11-05 21:24:51.156 [ INFO] [s.w.s.m.m.a.RequestMappingHandlerMapping:549] - Mapped "{[/api/addCity],methods=[PUT]}" onto public int com.chrisyoung.demo.controller.CityRestController.addOneCity(com.chrisyoung.demo.domain.City)
11-05 21:24:51.159 [ INFO] [s.w.s.m.m.a.RequestMappingHandlerMapping:549] - Mapped "{[/v2/api-docs],methods=[GET]}" onto public org.springframework.http.ResponseEntity<springfox.documentation.spring.web.json.Json> springfox.documentation.swagger2.web.Swagger2Controller.getDocumentation(java.lang.String)
11-05 21:24:51.162 [ INFO] [s.w.s.m.m.a.RequestMappingHandlerMapping:549] - Mapped "{[/configuration/security]}" onto org.springframework.http.ResponseEntity<springfox.documentation.swagger.web.SecurityConfiguration> springfox.documentation.swagger.web.ApiResourceController.securityConfiguration()
11-05 21:24:51.163 [ INFO] [s.w.s.m.m.a.RequestMappingHandlerMapping:549] - Mapped "{[/configuration/ui]}" onto org.springframework.http.ResponseEntity<springfox.documentation.swagger.web.UiConfiguration> springfox.documentation.swagger.web.ApiResourceController.uiConfiguration()
11-05 21:24:51.163 [ INFO] [s.w.s.m.m.a.RequestMappingHandlerMapping:549] - Mapped "{[/swagger-resources]}" onto org.springframework.http.ResponseEntity<java.util.List<springfox.documentation.swagger.web.SwaggerResource>> springfox.documentation.swagger.web.ApiResourceController.swaggerResources()
11-05 21:24:51.170 [ INFO] [s.w.s.m.m.a.RequestMappingHandlerMapping:549] - Mapped "{[/error]}" onto public org.springframework.http.ResponseEntity<java.util.Map<java.lang.String, java.lang.Object>> org.springframework.boot.autoconfigure.web.servlet.error.BasicErrorController.error(javax.servlet.http.HttpServletRequest)
11-05 21:24:51.170 [ INFO] [s.w.s.m.m.a.RequestMappingHandlerMapping:549] - Mapped "{[/error],produces=[text/html]}" onto public org.springframework.web.servlet.ModelAndView org.springframework.boot.autoconfigure.web.servlet.error.BasicErrorController.errorHtml(javax.servlet.http.HttpServletRequest,javax.servlet.http.HttpServletResponse)
11-05 21:24:51.387 [ INFO] [       o.s.w.s.h.SimpleUrlHandlerMapping:373] - Mapped URL path [/**/favicon.ico] onto handler of type [class org.springframework.web.servlet.resource.ResourceHttpRequestHandler]
11-05 21:24:51.613 [ INFO] [s.w.s.m.m.a.RequestMappingHandlerAdapter:588] - Looking for @ControllerAdvice: org.springframework.boot.web.servlet.context.AnnotationConfigServletWebServerApplicationContext@6c779568: startup date [Mon Nov 05 21:24:47 CST 2018]; root of context hierarchy
11-05 21:24:51.722 [ INFO] [       o.s.w.s.h.SimpleUrlHandlerMapping:373] - Mapped URL path [/webjars/**] onto handler of type [class org.springframework.web.servlet.resource.ResourceHttpRequestHandler]
11-05 21:24:51.722 [ INFO] [       o.s.w.s.h.SimpleUrlHandlerMapping:373] - Mapped URL path [/**] onto handler of type [class org.springframework.web.servlet.resource.ResourceHttpRequestHandler]
11-05 21:24:52.109 [ INFO] [       o.s.j.e.a.AnnotationMBeanExporter:433] - Registering beans for JMX exposure on startup
11-05 21:24:52.110 [ INFO] [       o.s.j.e.a.AnnotationMBeanExporter:895] - Bean with name 'statFilter' has been autodetected for JMX exposure
11-05 21:24:52.111 [ INFO] [       o.s.j.e.a.AnnotationMBeanExporter:895] - Bean with name 'dataSource' has been autodetected for JMX exposure
11-05 21:24:52.116 [ INFO] [       o.s.j.e.a.AnnotationMBeanExporter:668] - Located MBean 'dataSource': registering with JMX server as MBean [com.alibaba.druid.spring.boot.autoconfigure:name=dataSource,type=DruidDataSourceWrapper]
11-05 21:24:52.116 [ INFO] [       o.s.j.e.a.AnnotationMBeanExporter:668] - Located MBean 'statFilter': registering with JMX server as MBean [com.alibaba.druid.filter.stat:name=statFilter,type=StatFilter]
11-05 21:24:52.155 [ INFO] [d.s.w.p.DocumentationPluginsBootstrapper: 80] - Context refreshed
11-05 21:24:52.172 [ INFO] [d.s.w.p.DocumentationPluginsBootstrapper: 83] - Found {0} custom documentation plugin(s)
11-05 21:24:52.183 [ INFO] [    s.d.s.w.s.ApiListingReferenceScanner: 53] - Scanning for api listing references
11-05 21:24:52.185 [ INFO] [s.w.ClassOrApiAnnotationResourceGrouping:100] - Group for method addOneCity was city-rest-controller
11-05 21:24:52.187 [ INFO] [    s.d.s.w.s.ApiListingReferenceScanner: 72] - Request mapping: addOneCity belongs to groups: [[ResourceGroup{groupName='city-rest-controller', position=0, controller=com.chrisyoung.demo.controller.CityRestController}]] 
11-05 21:24:52.189 [ INFO] [s.w.ClassOrApiAnnotationResourceGrouping:100] - Group for method findCities was city-rest-controller
11-05 21:24:52.189 [ INFO] [    s.d.s.w.s.ApiListingReferenceScanner: 72] - Request mapping: findCities belongs to groups: [[ResourceGroup{groupName='city-rest-controller', position=0, controller=com.chrisyoung.demo.controller.CityRestController}]] 
11-05 21:24:52.189 [ INFO] [s.w.ClassOrApiAnnotationResourceGrouping:100] - Group for method findOneCity was city-rest-controller
11-05 21:24:52.189 [ INFO] [    s.d.s.w.s.ApiListingReferenceScanner: 72] - Request mapping: findOneCity belongs to groups: [[ResourceGroup{groupName='city-rest-controller', position=0, controller=com.chrisyoung.demo.controller.CityRestController}]] 
11-05 21:24:52.191 [ INFO] [s.w.ClassOrApiAnnotationResourceGrouping:100] - Group for method sychronizeCities was city-rest-controller
11-05 21:24:52.191 [ INFO] [    s.d.s.w.s.ApiListingReferenceScanner: 72] - Request mapping: sychronizeCities belongs to groups: [[ResourceGroup{groupName='city-rest-controller', position=0, controller=com.chrisyoung.demo.controller.CityRestController}]] 
11-05 21:24:52.194 [ INFO] [    s.d.s.w.s.ApiListingReferenceScanner: 84] - Created resource listing Path: /default/city-rest-controller Description: city-rest-controller Position: 0
11-05 21:24:52.214 [ INFO] [          s.d.s.ModelContextKeyGenerator: 46] - Cache Key Generated: com.chrisyoung.demo.domain.City(false)
11-05 21:24:52.214 [ INFO] [                 s.d.s.w.c.CachingAspect: 79] - Caching aspect applied for cache models with key com.chrisyoung.demo.domain.City(false)
11-05 21:24:52.220 [ INFO] [     s.d.s.p.ModelPropertiesKeyGenerator: 48] - Cache key generated: com.chrisyoung.demo.domain.City(false)
11-05 21:24:52.220 [ INFO] [                 s.d.s.w.c.CachingAspect: 68] - Caching aspect applied for cache modelProperties with key com.chrisyoung.demo.domain.City(false)
11-05 21:24:52.256 [ INFO] [          s.d.s.ModelContextKeyGenerator: 46] - Cache Key Generated: com.chrisyoung.demo.domain.City(false)
11-05 21:24:52.256 [ INFO] [                 s.d.s.w.c.CachingAspect: 79] - Caching aspect applied for cache modelDependencies with key com.chrisyoung.demo.domain.City(false)
11-05 21:24:52.259 [ INFO] [     s.d.s.p.ModelPropertiesKeyGenerator: 48] - Cache key generated: com.chrisyoung.demo.domain.City(false)
11-05 21:24:52.260 [ INFO] [                 s.d.s.w.c.CachingAspect: 68] - Caching aspect applied for cache modelProperties with key com.chrisyoung.demo.domain.City(false)
11-05 21:24:52.262 [ INFO] [          s.d.s.ModelContextKeyGenerator: 46] - Cache Key Generated: int(true)
11-05 21:24:52.262 [ INFO] [                 s.d.s.w.c.CachingAspect: 79] - Caching aspect applied for cache models with key int(true)
11-05 21:24:52.262 [ INFO] [          s.d.s.ModelContextKeyGenerator: 46] - Cache Key Generated: int(true)
11-05 21:24:52.263 [ INFO] [                 s.d.s.w.c.CachingAspect: 79] - Caching aspect applied for cache modelDependencies with key int(true)
11-05 21:24:52.264 [ INFO] [          s.d.s.w.OperationsKeyGenerator: 51] - Cache key generated: /api/addCity.com.chrisyoung.demo.controller.CityRestController.addOneCity.DefaultGenericTypeNamingStrategy
11-05 21:24:52.264 [ INFO] [                 s.d.s.w.c.CachingAspect: 68] - Caching aspect applied for cache operations with key /api/addCity.com.chrisyoung.demo.controller.CityRestController.addOneCity.DefaultGenericTypeNamingStrategy
11-05 21:24:52.285 [ INFO] [s.w.ClassOrApiAnnotationResourceGrouping:100] - Group for method addOneCity was city-rest-controller
11-05 21:24:52.297 [ INFO] [s.w.ClassOrApiAnnotationResourceGrouping:100] - Group for method addOneCity was city-rest-controller
11-05 21:24:52.308 [ INFO] [          s.d.s.ModelContextKeyGenerator: 46] - Cache Key Generated: java.util.List<com.chrisyoung.demo.domain.City>(true)
11-05 21:24:52.308 [ INFO] [                 s.d.s.w.c.CachingAspect: 79] - Caching aspect applied for cache models with key java.util.List<com.chrisyoung.demo.domain.City>(true)
11-05 21:24:52.309 [ INFO] [          s.d.s.ModelContextKeyGenerator: 46] - Cache Key Generated: java.util.List<com.chrisyoung.demo.domain.City>(true)
11-05 21:24:52.309 [ INFO] [                 s.d.s.w.c.CachingAspect: 79] - Caching aspect applied for cache modelDependencies with key java.util.List<com.chrisyoung.demo.domain.City>(true)
11-05 21:24:52.310 [ INFO] [     s.d.s.p.ModelPropertiesKeyGenerator: 48] - Cache key generated: com.chrisyoung.demo.domain.City(true)
11-05 21:24:52.311 [ INFO] [                 s.d.s.w.c.CachingAspect: 68] - Caching aspect applied for cache modelProperties with key com.chrisyoung.demo.domain.City(true)
11-05 21:24:52.318 [ INFO] [     s.d.s.p.ModelPropertiesKeyGenerator: 48] - Cache key generated: java.util.List<com.chrisyoung.demo.domain.City>(true)
11-05 21:24:52.319 [ INFO] [                 s.d.s.w.c.CachingAspect: 68] - Caching aspect applied for cache modelProperties with key java.util.List<com.chrisyoung.demo.domain.City>(true)
11-05 21:24:52.320 [ INFO] [     s.d.s.p.ModelPropertiesKeyGenerator: 48] - Cache key generated: com.chrisyoung.demo.domain.City(true)
11-05 21:24:52.320 [ INFO] [                 s.d.s.w.c.CachingAspect: 68] - Caching aspect applied for cache modelProperties with key com.chrisyoung.demo.domain.City(true)
11-05 21:24:52.321 [ INFO] [          s.d.s.w.OperationsKeyGenerator: 51] - Cache key generated: /api/cities.com.chrisyoung.demo.controller.CityRestController.findCities.DefaultGenericTypeNamingStrategy
11-05 21:24:52.321 [ INFO] [                 s.d.s.w.c.CachingAspect: 68] - Caching aspect applied for cache operations with key /api/cities.com.chrisyoung.demo.controller.CityRestController.findCities.DefaultGenericTypeNamingStrategy
11-05 21:24:52.322 [ INFO] [s.w.ClassOrApiAnnotationResourceGrouping:100] - Group for method findCities was city-rest-controller
11-05 21:24:52.325 [ INFO] [s.w.ClassOrApiAnnotationResourceGrouping:100] - Group for method findCities was city-rest-controller
11-05 21:24:52.326 [ INFO] [s.w.ClassOrApiAnnotationResourceGrouping:100] - Group for method findCities was city-rest-controller
11-05 21:24:52.328 [ INFO] [s.w.ClassOrApiAnnotationResourceGrouping:100] - Group for method findCities was city-rest-controller
11-05 21:24:52.329 [ INFO] [s.w.ClassOrApiAnnotationResourceGrouping:100] - Group for method findCities was city-rest-controller
11-05 21:24:52.330 [ INFO] [s.w.ClassOrApiAnnotationResourceGrouping:100] - Group for method findCities was city-rest-controller
11-05 21:24:52.330 [ INFO] [s.w.ClassOrApiAnnotationResourceGrouping:100] - Group for method findCities was city-rest-controller
11-05 21:24:52.332 [ INFO] [s.w.ClassOrApiAnnotationResourceGrouping:100] - Group for method findCities was city-rest-controller
11-05 21:24:52.334 [ INFO] [s.w.ClassOrApiAnnotationResourceGrouping:100] - Group for method findCities was city-rest-controller
11-05 21:24:52.335 [ INFO] [s.w.ClassOrApiAnnotationResourceGrouping:100] - Group for method findCities was city-rest-controller
11-05 21:24:52.336 [ INFO] [s.w.ClassOrApiAnnotationResourceGrouping:100] - Group for method findCities was city-rest-controller
11-05 21:24:52.340 [ INFO] [s.w.ClassOrApiAnnotationResourceGrouping:100] - Group for method findCities was city-rest-controller
11-05 21:24:52.342 [ INFO] [s.w.ClassOrApiAnnotationResourceGrouping:100] - Group for method findCities was city-rest-controller
11-05 21:24:52.343 [ INFO] [s.w.ClassOrApiAnnotationResourceGrouping:100] - Group for method findCities was city-rest-controller
11-05 21:24:52.344 [ INFO] [s.w.ClassOrApiAnnotationResourceGrouping:100] - Group for method findCities was city-rest-controller
11-05 21:24:52.346 [ INFO] [s.w.ClassOrApiAnnotationResourceGrouping:100] - Group for method findCities was city-rest-controller
11-05 21:24:52.348 [ INFO] [          s.d.s.ModelContextKeyGenerator: 46] - Cache Key Generated: com.chrisyoung.demo.domain.City(true)
11-05 21:24:52.349 [ INFO] [                 s.d.s.w.c.CachingAspect: 79] - Caching aspect applied for cache models with key com.chrisyoung.demo.domain.City(true)
11-05 21:24:52.349 [ INFO] [     s.d.s.p.ModelPropertiesKeyGenerator: 48] - Cache key generated: com.chrisyoung.demo.domain.City(true)
11-05 21:24:52.349 [ INFO] [                 s.d.s.w.c.CachingAspect: 68] - Caching aspect applied for cache modelProperties with key com.chrisyoung.demo.domain.City(true)
11-05 21:24:52.350 [ INFO] [          s.d.s.ModelContextKeyGenerator: 46] - Cache Key Generated: com.chrisyoung.demo.domain.City(true)
11-05 21:24:52.350 [ INFO] [                 s.d.s.w.c.CachingAspect: 79] - Caching aspect applied for cache modelDependencies with key com.chrisyoung.demo.domain.City(true)
11-05 21:24:52.350 [ INFO] [     s.d.s.p.ModelPropertiesKeyGenerator: 48] - Cache key generated: com.chrisyoung.demo.domain.City(true)
11-05 21:24:52.350 [ INFO] [                 s.d.s.w.c.CachingAspect: 68] - Caching aspect applied for cache modelProperties with key com.chrisyoung.demo.domain.City(true)
11-05 21:24:52.350 [ INFO] [          s.d.s.w.OperationsKeyGenerator: 51] - Cache key generated: /api/city.com.chrisyoung.demo.controller.CityRestController.findOneCity.DefaultGenericTypeNamingStrategy
11-05 21:24:52.350 [ INFO] [                 s.d.s.w.c.CachingAspect: 68] - Caching aspect applied for cache operations with key /api/city.com.chrisyoung.demo.controller.CityRestController.findOneCity.DefaultGenericTypeNamingStrategy
11-05 21:24:52.350 [ INFO] [s.w.ClassOrApiAnnotationResourceGrouping:100] - Group for method findOneCity was city-rest-controller
11-05 21:24:52.357 [ INFO] [s.w.ClassOrApiAnnotationResourceGrouping:100] - Group for method findOneCity was city-rest-controller
11-05 21:24:52.359 [ INFO] [          s.d.s.ModelContextKeyGenerator: 46] - Cache Key Generated: int(true)
11-05 21:24:52.359 [ INFO] [                 s.d.s.w.c.CachingAspect: 79] - Caching aspect applied for cache models with key int(true)
11-05 21:24:52.360 [ INFO] [          s.d.s.ModelContextKeyGenerator: 46] - Cache Key Generated: int(true)
11-05 21:24:52.360 [ INFO] [                 s.d.s.w.c.CachingAspect: 79] - Caching aspect applied for cache modelDependencies with key int(true)
11-05 21:24:52.360 [ INFO] [          s.d.s.ModelContextKeyGenerator: 46] - Cache Key Generated: java.util.List<com.chrisyoung.demo.dto.DataTransferModel<com.chrisyoung.demo.domain.City>>(false)
11-05 21:24:52.360 [ INFO] [                 s.d.s.w.c.CachingAspect: 79] - Caching aspect applied for cache models with key java.util.List<com.chrisyoung.demo.dto.DataTransferModel<com.chrisyoung.demo.domain.City>>(false)
11-05 21:24:52.361 [ INFO] [          s.d.s.ModelContextKeyGenerator: 46] - Cache Key Generated: java.util.List<com.chrisyoung.demo.dto.DataTransferModel<com.chrisyoung.demo.domain.City>>(false)
11-05 21:24:52.361 [ INFO] [                 s.d.s.w.c.CachingAspect: 79] - Caching aspect applied for cache modelDependencies with key java.util.List<com.chrisyoung.demo.dto.DataTransferModel<com.chrisyoung.demo.domain.City>>(false)
11-05 21:24:52.361 [ INFO] [     s.d.s.p.ModelPropertiesKeyGenerator: 48] - Cache key generated: com.chrisyoung.demo.domain.City(false)
11-05 21:24:52.361 [ INFO] [                 s.d.s.w.c.CachingAspect: 68] - Caching aspect applied for cache modelProperties with key com.chrisyoung.demo.domain.City(false)
11-05 21:24:52.361 [ INFO] [     s.d.s.p.ModelPropertiesKeyGenerator: 48] - Cache key generated: com.chrisyoung.demo.dto.DataTransferModel<com.chrisyoung.demo.domain.City>(false)
11-05 21:24:52.362 [ INFO] [                 s.d.s.w.c.CachingAspect: 68] - Caching aspect applied for cache modelProperties with key com.chrisyoung.demo.dto.DataTransferModel<com.chrisyoung.demo.domain.City>(false)
11-05 21:24:52.367 [ INFO] [     s.d.s.p.ModelPropertiesKeyGenerator: 48] - Cache key generated: com.chrisyoung.demo.domain.City(false)
11-05 21:24:52.367 [ INFO] [                 s.d.s.w.c.CachingAspect: 68] - Caching aspect applied for cache modelProperties with key com.chrisyoung.demo.domain.City(false)
11-05 21:24:52.368 [ INFO] [     s.d.s.p.ModelPropertiesKeyGenerator: 48] - Cache key generated: java.util.List<com.chrisyoung.demo.dto.DataTransferModel<com.chrisyoung.demo.domain.City>>(false)
11-05 21:24:52.368 [ INFO] [                 s.d.s.w.c.CachingAspect: 68] - Caching aspect applied for cache modelProperties with key java.util.List<com.chrisyoung.demo.dto.DataTransferModel<com.chrisyoung.demo.domain.City>>(false)
11-05 21:24:52.369 [ INFO] [     s.d.s.p.ModelPropertiesKeyGenerator: 48] - Cache key generated: com.chrisyoung.demo.dto.DataTransferModel<com.chrisyoung.demo.domain.City>(false)
11-05 21:24:52.369 [ INFO] [                 s.d.s.w.c.CachingAspect: 68] - Caching aspect applied for cache modelProperties with key com.chrisyoung.demo.dto.DataTransferModel<com.chrisyoung.demo.domain.City>(false)
11-05 21:24:52.369 [ INFO] [     s.d.s.p.ModelPropertiesKeyGenerator: 48] - Cache key generated: com.chrisyoung.demo.domain.City(false)
11-05 21:24:52.369 [ INFO] [                 s.d.s.w.c.CachingAspect: 68] - Caching aspect applied for cache modelProperties with key com.chrisyoung.demo.domain.City(false)
11-05 21:24:52.370 [ INFO] [          s.d.s.w.OperationsKeyGenerator: 51] - Cache key generated: /api/sychronizeCities.com.chrisyoung.demo.controller.CityRestController.sychronizeCities.DefaultGenericTypeNamingStrategy
11-05 21:24:52.371 [ INFO] [                 s.d.s.w.c.CachingAspect: 68] - Caching aspect applied for cache operations with key /api/sychronizeCities.com.chrisyoung.demo.controller.CityRestController.sychronizeCities.DefaultGenericTypeNamingStrategy
11-05 21:24:52.374 [ INFO] [s.w.ClassOrApiAnnotationResourceGrouping:100] - Group for method sychronizeCities was city-rest-controller
11-05 21:24:52.375 [ INFO] [s.w.ClassOrApiAnnotationResourceGrouping:100] - Group for method sychronizeCities was city-rest-controller
11-05 21:24:52.390 [ INFO] [               o.a.c.h.Http11NioProtocol:180] - Starting ProtocolHandler ["http-nio-8080"]
11-05 21:24:52.402 [ INFO] [               o.a.t.u.n.NioSelectorPool:180] - Using a shared selector for servlet write/read
11-05 21:24:52.416 [ INFO] [             o.s.b.w.e.t.TomcatWebServer:206] - Tomcat started on port(s): 8080 (http) with context path ''
11-05 21:24:52.419 [ INFO] [                   c.c.d.DemoApplication: 59] - Started DemoApplication in 5.197 seconds (JVM running for 6.288)
11-05 21:25:07.681 [ INFO] [                       o.a.c.c.C.[.[.[/]:180] - Initializing Spring FrameworkServlet 'dispatcherServlet'
11-05 21:25:07.681 [ INFO] [               o.s.w.s.DispatcherServlet:494] - FrameworkServlet 'dispatcherServlet': initialization started
11-05 21:25:07.721 [ INFO] [               o.s.w.s.DispatcherServlet:509] - FrameworkServlet 'dispatcherServlet': initialization completed in 40 ms
